Connecting to database specified by database.yml


Started GET "/" for 127.0.0.1 at 2014-02-23 20:04:24 -0700
Connecting to database specified by database.yml


Started GET "/movies" for 127.0.0.1 at 2014-02-23 20:04:24 -0700
Processing by MoviesController#index as HTML
  [1m[36mMovie Load (0.1ms)[0m  [1mSELECT "movies".* FROM "movies" [0m
  Rendered movies/index.html.haml within layouts/application (24.0ms)
Completed 500 Internal Server Error in 72ms

ActionView::Template::Error (undefined method `indexSorted_path' for #<#<Class:0xb6164e6c>:0xb617bff4>):
    11:   %tbody
    12:     - @movies.each do |movie|
    13:       %tr
    14:         %td= link_to movie.title, indexSorted_path()
    15:         %td= movie.rating
    16:         %td= movie.release_date
    17:         %td= link_to "More about #{movie.title}", movie_path(movie)
  app/views/movies/index.html.haml:14:in `block in _app_views_movies_index_html_haml___92410335__619722728'
  app/views/movies/index.html.haml:12:in `each'
  app/views/movies/index.html.haml:12:in `_app_views_movies_index_html_haml___92410335__619722728'


  Rendered /home/saasbook/.rvm/gems/ruby-1.9.3-p448/gems/actionpack-3.2.14/lib/action_dispatch/middleware/templates/rescues/_trace.erb (0.8ms)
  Rendered /home/saasbook/.rvm/gems/ruby-1.9.3-p448/gems/actionpack-3.2.14/lib/action_dispatch/middleware/templates/rescues/_request_and_response.erb (0.5ms)
  Rendered /home/saasbook/.rvm/gems/ruby-1.9.3-p448/gems/actionpack-3.2.14/lib/action_dispatch/middleware/templates/rescues/template_error.erb within rescues/layout (6.4ms)


Started GET "/" for 127.0.0.1 at 2014-02-23 20:08:01 -0700


Started GET "/movies" for 127.0.0.1 at 2014-02-23 20:08:01 -0700
Processing by MoviesController#index as HTML
  [1m[35mMovie Load (0.1ms)[0m  SELECT "movies".* FROM "movies" 
ERROR: compiling _app_views_movies_index_html_haml___92410335__626761248 RAISED /home/saasbook/hw2_rottenpotatoes/app/views/movies/index.html.haml:14: syntax error, unexpected '\n', expecting '='
/home/saasbook/hw2_rottenpotatoes/app/views/movies/index.html.haml:16: unknown regexp options - td
/home/saasbook/hw2_rottenpotatoes/app/views/movies/index.html.haml:16: syntax error, unexpected $undefined
));}</td>\n      <td>#{_hamlout.adjust_...
          ^
/home/saasbook/hw2_rottenpotatoes/app/views/movies/index.html.haml:17: syntax error, unexpected ')'
));}</td>\n      <td>#{_hamlou...
 ^
/home/saasbook/hw2_rottenpotatoes/app/views/movies/index.html.haml:18: unknown regexp options - td
/home/saasbook/hw2_rottenpotatoes/app/views/movies/index.html.haml:18: syntax error, unexpected $undefined
));}</td>\n    </tr>\n", -1, false);end...
          ^
/home/saasbook/hw2_rottenpotatoes/app/views/movies/index.html.haml:18: unknown regexp options - tbdy
unmatched close parenthesis: /tr>\n", -1, false);end;_hamlout.push_text("  </
/home/saasbook/hw2_rottenpotatoes/app/views/movies/index.html.haml:18: syntax error, unexpected $undefined
..._hamlout.push_text("  </tbody>\n</table>\n#{_hamlout.adjust_...
...                               ^
/home/saasbook/hw2_rottenpotatoes/app/views/movies/index.html.haml:18: unterminated regexp meets end of file
/home/saasbook/hw2_rottenpotatoes/app/views/movies/index.html.haml:18: syntax error, unexpected $end, expecting ')'
Function body:           def _app_views_movies_index_html_haml___92410335__626761248(local_assigns, output_buffer)
            _old_virtual_path, @virtual_path = @virtual_path, "movies/index";_old_output_buffer = @output_buffer;;begin;extend Haml::Helpers;_hamlout = @haml_buffer = Haml::Buffer.new(haml_buffer, {:autoclose=>["meta", "img", "link", "br", "hr", "input", "area", "param", "col", "base"], :preserve=>["textarea", "pre", "code"], :attr_wrapper=>"'", :ugly=>false, :format=>:html5, :encoding=>"UTF-8", :escape_html=>true, :escape_attrs=>true, :hyphenate_data_attrs=>true, :cdata=>false});_erbout = _hamlout.buffer;@output_buffer = output_buffer ||= ActionView::OutputBuffer.new rescue nil;;_hamlout.push_text("<h1>All Movies</h1>\n<table id='movies'>\n  <thead>\n    <tr>\n      <th>#{_hamlout.adjust_tabs(4); 





_hamlout.format_script_false_true_false_true_false_true_false((link_to 'Movie Title', indexSorted_path()
));}</th>\n      <th>Rating</th>\n      <th>Release Date</th>\n      <th>More Info</th>\n    </tr>\n  </thead>\n  <tbody>\n", -1, false);



 @movies.each do |movie|
_hamlout.push_text("    <tr>\n      <td>#{_hamlout.adjust_tabs(2); 
_hamlout.format_script_false_true_false_true_false_true_false((movie,title
));}</td>\n      <td>#{_hamlout.adjust_tabs(1); _hamlout.format_script_false_true_false_true_false_true_false((movie.rating
));}</td>\n      <td>#{_hamlout.adjust_tabs(1); _hamlout.format_script_false_true_false_true_false_true_false((movie.release_date
));}</td>\n      <td>#{_hamlout.adjust_tabs(1); _hamlout.format_script_false_true_false_true_false_true_false((link_to "More about #{movie.title}", movie_path(movie)
));}</td>\n    </tr>\n", -1, false);end;_hamlout.push_text("  </tbody>\n</table>\n#{_hamlout.adjust_tabs(-2); 
_hamlout.format_script_false_false_false_true_false_true_false(( link_to 'Add new movie', new_movie_path
));}\n", 0, false);::Haml::Util.html_safe(_erbout);ensure;@haml_buffer = @haml_buffer.upper if @haml_buffer;end;
          ensure
            @virtual_path, @output_buffer = _old_virtual_path, _old_output_buffer
          end

Backtrace: /home/saasbook/.rvm/gems/ruby-1.9.3-p448/gems/actionpack-3.2.14/lib/action_view/template.rb:297:in `module_eval'
/home/saasbook/.rvm/gems/ruby-1.9.3-p448/gems/actionpack-3.2.14/lib/action_view/template.rb:297:in `compile'
/home/saasbook/.rvm/gems/ruby-1.9.3-p448/gems/actionpack-3.2.14/lib/action_view/template.rb:244:in `block in compile!'
<internal:prelude>:10:in `synchronize'
/home/saasbook/.rvm/gems/ruby-1.9.3-p448/gems/actionpack-3.2.14/lib/action_view/template.rb:232:in `compile!'
/home/saasbook/.rvm/gems/ruby-1.9.3-p448/gems/actionpack-3.2.14/lib/action_view/template.rb:144:in `block in render'
/home/saasbook/.rvm/gems/ruby-1.9.3-p448/gems/activesupport-3.2.14/lib/active_support/notifications.rb:125:in `instrument'
/home/saasbook/.rvm/gems/ruby-1.9.3-p448/gems/actionpack-3.2.14/lib/action_view/template.rb:143:in `render'
/home/saasbook/.rvm/gems/ruby-1.9.3-p448/gems/actionpack-3.2.14/lib/action_view/renderer/template_renderer.rb:48:in `block (2 levels) in render_template'
/home/saasbook/.rvm/gems/ruby-1.9.3-p448/gems/actionpack-3.2.14/lib/action_view/renderer/abstract_renderer.rb:38:in `block in instrument'
/home/saasbook/.rvm/gems/ruby-1.9.3-p448/gems/activesupport-3.2.14/lib/active_support/notifications.rb:123:in `block in instrument'
/home/saasbook/.rvm/gems/ruby-1.9.3-p448/gems/activesupport-3.2.14/lib/active_support/notifications/instrumenter.rb:20:in `instrument'
/home/saasbook/.rvm/gems/ruby-1.9.3-p448/gems/activesupport-3.2.14/lib/active_support/notifications.rb:123:in `instrument'
/home/saasbook/.rvm/gems/ruby-1.9.3-p448/gems/actionpack-3.2.14/lib/action_view/renderer/abstract_renderer.rb:38:in `instrument'
/home/saasbook/.rvm/gems/ruby-1.9.3-p448/gems/actionpack-3.2.14/lib/action_view/renderer/template_renderer.rb:47:in `block in render_template'
/home/saasbook/.rvm/gems/ruby-1.9.3-p448/gems/actionpack-3.2.14/lib/action_view/renderer/template_renderer.rb:55:in `render_with_layout'
/home/saasbook/.rvm/gems/ruby-1.9.3-p448/gems/actionpack-3.2.14/lib/action_view/renderer/template_renderer.rb:46:in `render_template'
/home/saasbook/.rvm/gems/ruby-1.9.3-p448/gems/actionpack-3.2.14/lib/action_view/renderer/template_renderer.rb:19:in `render'
/home/saasbook/.rvm/gems/ruby-1.9.3-p448/gems/actionpack-3.2.14/lib/action_view/renderer/renderer.rb:36:in `render_template'
/home/saasbook/.rvm/gems/ruby-1.9.3-p448/gems/actionpack-3.2.14/lib/action_view/renderer/renderer.rb:17:in `render'
/home/saasbook/.rvm/gems/ruby-1.9.3-p448/gems/actionpack-3.2.14/lib/abstract_controller/rendering.rb:110:in `_render_template'
/home/saasbook/.rvm/gems/ruby-1.9.3-p448/gems/actionpack-3.2.14/lib/action_controller/metal/streaming.rb:225:in `_render_template'
/home/saasbook/.rvm/gems/ruby-1.9.3-p448/gems/actionpack-3.2.14/lib/abstract_controller/rendering.rb:103:in `render_to_body'
/home/saasbook/.rvm/gems/ruby-1.9.3-p448/gems/actionpack-3.2.14/lib/action_controller/metal/renderers.rb:28:in `render_to_body'
/home/saasbook/.rvm/gems/ruby-1.9.3-p448/gems/actionpack-3.2.14/lib/action_controller/metal/compatibility.rb:50:in `render_to_body'
/home/saasbook/.rvm/gems/ruby-1.9.3-p448/gems/actionpack-3.2.14/lib/abstract_controller/rendering.rb:88:in `render'
/home/saasbook/.rvm/gems/ruby-1.9.3-p448/gems/actionpack-3.2.14/lib/action_controller/metal/rendering.rb:16:in `render'
/home/saasbook/.rvm/gems/ruby-1.9.3-p448/gems/actionpack-3.2.14/lib/action_controller/metal/instrumentation.rb:40:in `block (2 levels) in render'
/home/saasbook/.rvm/gems/ruby-1.9.3-p448/gems/activesupport-3.2.14/lib/active_support/core_ext/benchmark.rb:5:in `block in ms'
/home/saasbook/.rvm/rubies/ruby-1.9.3-p448/lib/ruby/1.9.1/benchmark.rb:295:in `realtime'
/home/saasbook/.rvm/gems/ruby-1.9.3-p448/gems/activesupport-3.2.14/lib/active_support/core_ext/benchmark.rb:5:in `ms'
/home/saasbook/.rvm/gems/ruby-1.9.3-p448/gems/actionpack-3.2.14/lib/action_controller/metal/instrumentation.rb:40:in `block in render'
/home/saasbook/.rvm/gems/ruby-1.9.3-p448/gems/actionpack-3.2.14/lib/action_controller/metal/instrumentation.rb:83:in `cleanup_view_runtime'
/home/saasbook/.rvm/gems/ruby-1.9.3-p448/gems/activerecord-3.2.14/lib/active_record/railties/controller_runtime.rb:24:in `cleanup_view_runtime'
/home/saasbook/.rvm/gems/ruby-1.9.3-p448/gems/actionpack-3.2.14/lib/action_controller/metal/instrumentation.rb:39:in `render'
/home/saasbook/.rvm/gems/ruby-1.9.3-p448/gems/actionpack-3.2.14/lib/action_controller/metal/implicit_render.rb:10:in `default_render'
/home/saasbook/.rvm/gems/ruby-1.9.3-p448/gems/actionpack-3.2.14/lib/action_controller/metal/implicit_render.rb:5:in `send_action'
/home/saasbook/.rvm/gems/ruby-1.9.3-p448/gems/actionpack-3.2.14/lib/abstract_controller/base.rb:167:in `process_action'
/home/saasbook/.rvm/gems/ruby-1.9.3-p448/gems/actionpack-3.2.14/lib/action_controller/metal/rendering.rb:10:in `process_action'
/home/saasbook/.rvm/gems/ruby-1.9.3-p448/gems/actionpack-3.2.14/lib/abstract_controller/callbacks.rb:18:in `block in process_action'
/home/saasbook/.rvm/gems/ruby-1.9.3-p448/gems/activesupport-3.2.14/lib/active_support/callbacks.rb:414:in `_run__549798995__process_action__1024081292__callbacks'
/home/saasbook/.rvm/gems/ruby-1.9.3-p448/gems/activesupport-3.2.14/lib/active_support/callbacks.rb:405:in `__run_callback'
/home/saasbook/.rvm/gems/ruby-1.9.3-p448/gems/activesupport-3.2.14/lib/active_support/callbacks.rb:385:in `_run_process_action_callbacks'
/home/saasbook/.rvm/gems/ruby-1.9.3-p448/gems/activesupport-3.2.14/lib/active_support/callbacks.rb:81:in `run_callbacks'
/home/saasbook/.rvm/gems/ruby-1.9.3-p448/gems/actionpack-3.2.14/lib/abstract_controller/callbacks.rb:17:in `process_action'
/home/saasbook/.rvm/gems/ruby-1.9.3-p448/gems/actionpack-3.2.14/lib/action_controller/metal/rescue.rb:29:in `process_action'
/home/saasbook/.rvm/gems/ruby-1.9.3-p448/gems/actionpack-3.2.14/lib/action_controller/metal/instrumentation.rb:30:in `block in process_action'
/home/saasbook/.rvm/gems/ruby-1.9.3-p448/gems/activesupport-3.2.14/lib/active_support/notifications.rb:123:in `block in instrument'
/home/saasbook/.rvm/gems/ruby-1.9.3-p448/gems/activesupport-3.2.14/lib/active_support/notifications/instrumenter.rb:20:in `instrument'
/home/saasbook/.rvm/gems/ruby-1.9.3-p448/gems/activesupport-3.2.14/lib/active_support/notifications.rb:123:in `instrument'
/home/saasbook/.rvm/gems/ruby-1.9.3-p448/gems/actionpack-3.2.14/lib/action_controller/metal/instrumentation.rb:29:in `process_action'
/home/saasbook/.rvm/gems/ruby-1.9.3-p448/gems/actionpack-3.2.14/lib/action_controller/metal/params_wrapper.rb:207:in `process_action'
/home/saasbook/.rvm/gems/ruby-1.9.3-p448/gems/activerecord-3.2.14/lib/active_record/railties/controller_runtime.rb:18:in `process_action'
/home/saasbook/.rvm/gems/ruby-1.9.3-p448/gems/actionpack-3.2.14/lib/abstract_controller/base.rb:121:in `process'
/home/saasbook/.rvm/gems/ruby-1.9.3-p448/gems/actionpack-3.2.14/lib/abstract_controller/rendering.rb:45:in `process'
/home/saasbook/.rvm/gems/ruby-1.9.3-p448/gems/actionpack-3.2.14/lib/action_controller/metal.rb:203:in `dispatch'
/home/saasbook/.rvm/gems/ruby-1.9.3-p448/gems/actionpack-3.2.14/lib/action_controller/metal/rack_delegation.rb:14:in `dispatch'
/home/saasbook/.rvm/gems/ruby-1.9.3-p448/gems/actionpack-3.2.14/lib/action_controller/metal.rb:246:in `block in action'
/home/saasbook/.rvm/gems/ruby-1.9.3-p448/gems/actionpack-3.2.14/lib/action_dispatch/routing/route_set.rb:73:in `call'
/home/saasbook/.rvm/gems/ruby-1.9.3-p448/gems/actionpack-3.2.14/lib/action_dispatch/routing/route_set.rb:73:in `dispatch'
/home/saasbook/.rvm/gems/ruby-1.9.3-p448/gems/actionpack-3.2.14/lib/action_dispatch/routing/route_set.rb:36:in `call'
/home/saasbook/.rvm/gems/ruby-1.9.3-p448/gems/journey-1.0.4/lib/journey/router.rb:68:in `block in call'
/home/saasbook/.rvm/gems/ruby-1.9.3-p448/gems/journey-1.0.4/lib/journey/router.rb:56:in `each'
/home/saasbook/.rvm/gems/ruby-1.9.3-p448/gems/journey-1.0.4/lib/journey/router.rb:56:in `call'
/home/saasbook/.rvm/gems/ruby-1.9.3-p448/gems/actionpack-3.2.14/lib/action_dispatch/routing/route_set.rb:608:in `call'
/home/saasbook/.rvm/gems/ruby-1.9.3-p448/gems/actionpack-3.2.14/lib/action_dispatch/middleware/best_standards_support.rb:17:in `call'
/home/saasbook/.rvm/gems/ruby-1.9.3-p448/gems/rack-1.4.5/lib/rack/etag.rb:23:in `call'
/home/saasbook/.rvm/gems/ruby-1.9.3-p448/gems/rack-1.4.5/lib/rack/conditionalget.rb:25:in `call'
/home/saasbook/.rvm/gems/ruby-1.9.3-p448/gems/actionpack-3.2.14/lib/action_dispatch/middleware/head.rb:14:in `call'
/home/saasbook/.rvm/gems/ruby-1.9.3-p448/gems/actionpack-3.2.14/lib/action_dispatch/middleware/params_parser.rb:21:in `call'
/home/saasbook/.rvm/gems/ruby-1.9.3-p448/gems/actionpack-3.2.14/lib/action_dispatch/middleware/flash.rb:242:in `call'
/home/saasbook/.rvm/gems/ruby-1.9.3-p448/gems/rack-1.4.5/lib/rack/session/abstract/id.rb:210:in `context'
/home/saasbook/.rvm/gems/ruby-1.9.3-p448/gems/rack-1.4.5/lib/rack/session/abstract/id.rb:205:in `call'
/home/saasbook/.rvm/gems/ruby-1.9.3-p448/gems/actionpack-3.2.14/lib/action_dispatch/middleware/cookies.rb:341:in `call'
/home/saasbook/.rvm/gems/ruby-1.9.3-p448/gems/activerecord-3.2.14/lib/active_record/query_cache.rb:64:in `call'
/home/saasbook/.rvm/gems/ruby-1.9.3-p448/gems/activerecord-3.2.14/lib/active_record/connection_adapters/abstract/connection_pool.rb:479:in `call'
/home/saasbook/.rvm/gems/ruby-1.9.3-p448/gems/actionpack-3.2.14/lib/action_dispatch/middleware/callbacks.rb:28:in `block in call'
/home/saasbook/.rvm/gems/ruby-1.9.3-p448/gems/activesupport-3.2.14/lib/active_support/callbacks.rb:405:in `_run__730256418__call__60708465__callbacks'
/home/saasbook/.rvm/gems/ruby-1.9.3-p448/gems/activesupport-3.2.14/lib/active_support/callbacks.rb:405:in `__run_callback'
/home/saasbook/.rvm/gems/ruby-1.9.3-p448/gems/activesupport-3.2.14/lib/active_support/callbacks.rb:385:in `_run_call_callbacks'
/home/saasbook/.rvm/gems/ruby-1.9.3-p448/gems/activesupport-3.2.14/lib/active_support/callbacks.rb:81:in `run_callbacks'
/home/saasbook/.rvm/gems/ruby-1.9.3-p448/gems/actionpack-3.2.14/lib/action_dispatch/middleware/callbacks.rb:27:in `call'
/home/saasbook/.rvm/gems/ruby-1.9.3-p448/gems/actionpack-3.2.14/lib/action_dispatch/middleware/reloader.rb:65:in `call'
/home/saasbook/.rvm/gems/ruby-1.9.3-p448/gems/actionpack-3.2.14/lib/action_dispatch/middleware/remote_ip.rb:31:in `call'
/home/saasbook/.rvm/gems/ruby-1.9.3-p448/gems/actionpack-3.2.14/lib/action_dispatch/middleware/debug_exceptions.rb:16:in `call'
/home/saasbook/.rvm/gems/ruby-1.9.3-p448/gems/actionpack-3.2.14/lib/action_dispatch/middleware/show_exceptions.rb:56:in `call'
/home/saasbook/.rvm/gems/ruby-1.9.3-p448/gems/railties-3.2.14/lib/rails/rack/logger.rb:32:in `call_app'
/home/saasbook/.rvm/gems/ruby-1.9.3-p448/gems/railties-3.2.14/lib/rails/rack/logger.rb:16:in `block in call'
/home/saasbook/.rvm/gems/ruby-1.9.3-p448/gems/activesupport-3.2.14/lib/active_support/tagged_logging.rb:22:in `tagged'
/home/saasbook/.rvm/gems/ruby-1.9.3-p448/gems/railties-3.2.14/lib/rails/rack/logger.rb:16:in `call'
/home/saasbook/.rvm/gems/ruby-1.9.3-p448/gems/actionpack-3.2.14/lib/action_dispatch/middleware/request_id.rb:22:in `call'
/home/saasbook/.rvm/gems/ruby-1.9.3-p448/gems/rack-1.4.5/lib/rack/methodoverride.rb:21:in `call'
/home/saasbook/.rvm/gems/ruby-1.9.3-p448/gems/rack-1.4.5/lib/rack/runtime.rb:17:in `call'
/home/saasbook/.rvm/gems/ruby-1.9.3-p448/gems/activesupport-3.2.14/lib/active_support/cache/strategy/local_cache.rb:72:in `call'
/home/saasbook/.rvm/gems/ruby-1.9.3-p448/gems/rack-1.4.5/lib/rack/lock.rb:15:in `call'
/home/saasbook/.rvm/gems/ruby-1.9.3-p448/gems/actionpack-3.2.14/lib/action_dispatch/middleware/static.rb:63:in `call'
/home/saasbook/.rvm/gems/ruby-1.9.3-p448/gems/railties-3.2.14/lib/rails/engine.rb:484:in `call'
/home/saasbook/.rvm/gems/ruby-1.9.3-p448/gems/railties-3.2.14/lib/rails/application.rb:231:in `call'
/home/saasbook/.rvm/gems/ruby-1.9.3-p448/gems/rack-1.4.5/lib/rack/content_length.rb:14:in `call'
/home/saasbook/.rvm/gems/ruby-1.9.3-p448/gems/railties-3.2.14/lib/rails/rack/log_tailer.rb:17:in `call'
/home/saasbook/.rvm/gems/ruby-1.9.3-p448/gems/rack-1.4.5/lib/rack/handler/webrick.rb:59:in `service'
/home/saasbook/.rvm/rubies/ruby-1.9.3-p448/lib/ruby/1.9.1/webrick/httpserver.rb:138:in `service'
/home/saasbook/.rvm/rubies/ruby-1.9.3-p448/lib/ruby/1.9.1/webrick/httpserver.rb:94:in `run'
/home/saasbook/.rvm/rubies/ruby-1.9.3-p448/lib/ruby/1.9.1/webrick/server.rb:191:in `block in start_thread'
  Rendered movies/index.html.haml within layouts/application (1.5ms)
Completed 500 Internal Server Error in 4ms

ActionView::Template::Error (/home/saasbook/hw2_rottenpotatoes/app/views/movies/index.html.haml:14: syntax error, unexpected '\n', expecting '='
/home/saasbook/hw2_rottenpotatoes/app/views/movies/index.html.haml:16: unknown regexp options - td
/home/saasbook/hw2_rottenpotatoes/app/views/movies/index.html.haml:16: syntax error, unexpected $undefined
));}</td>\n      <td>#{_hamlout.adjust_...
          ^
/home/saasbook/hw2_rottenpotatoes/app/views/movies/index.html.haml:17: syntax error, unexpected ')'
));}</td>\n      <td>#{_hamlou...
 ^
/home/saasbook/hw2_rottenpotatoes/app/views/movies/index.html.haml:18: unknown regexp options - td
/home/saasbook/hw2_rottenpotatoes/app/views/movies/index.html.haml:18: syntax error, unexpected $undefined
));}</td>\n    </tr>\n", -1, false);end...
          ^
/home/saasbook/hw2_rottenpotatoes/app/views/movies/index.html.haml:18: unknown regexp options - tbdy
unmatched close parenthesis: /tr>\n", -1, false);end;_hamlout.push_text("  </
/home/saasbook/hw2_rottenpotatoes/app/views/movies/index.html.haml:18: syntax error, unexpected $undefined
..._hamlout.push_text("  </tbody>\n</table>\n#{_hamlout.adjust_...
...                               ^
/home/saasbook/hw2_rottenpotatoes/app/views/movies/index.html.haml:18: unterminated regexp meets end of file
/home/saasbook/hw2_rottenpotatoes/app/views/movies/index.html.haml:18: syntax error, unexpected $end, expecting ')'):
    11:   %tbody
    12:     - @movies.each do |movie|
    13:       %tr
    14:         %td= movie,title 
    15:         %td= movie.rating
    16:         %td= movie.release_date
    17:         %td= link_to "More about #{movie.title}", movie_path(movie)
  actionpack (3.2.14) lib/action_view/template.rb:297:in `module_eval'
  actionpack (3.2.14) lib/action_view/template.rb:297:in `compile'
  actionpack (3.2.14) lib/action_view/template.rb:244:in `block in compile!'
  <internal:prelude>:10:in `synchronize'
  actionpack (3.2.14) lib/action_view/template.rb:232:in `compile!'
  actionpack (3.2.14) lib/action_view/template.rb:144:in `block in render'
  activesupport (3.2.14) lib/active_support/notifications.rb:125:in `instrument'
  actionpack (3.2.14) lib/action_view/template.rb:143:in `render'
  actionpack (3.2.14) lib/action_view/renderer/template_renderer.rb:48:in `block (2 levels) in render_template'
  actionpack (3.2.14) lib/action_view/renderer/abstract_renderer.rb:38:in `block in instrument'
  activesupport (3.2.14) lib/active_support/notifications.rb:123:in `block in instrument'
  activesupport (3.2.14) lib/active_support/notifications/instrumenter.rb:20:in `instrument'
  activesupport (3.2.14) lib/active_support/notifications.rb:123:in `instrument'
  actionpack (3.2.14) lib/action_view/renderer/abstract_renderer.rb:38:in `instrument'
  actionpack (3.2.14) lib/action_view/renderer/template_renderer.rb:47:in `block in render_template'
  actionpack (3.2.14) lib/action_view/renderer/template_renderer.rb:55:in `render_with_layout'
  actionpack (3.2.14) lib/action_view/renderer/template_renderer.rb:46:in `render_template'
  actionpack (3.2.14) lib/action_view/renderer/template_renderer.rb:19:in `render'
  actionpack (3.2.14) lib/action_view/renderer/renderer.rb:36:in `render_template'
  actionpack (3.2.14) lib/action_view/renderer/renderer.rb:17:in `render'
  actionpack (3.2.14) lib/abstract_controller/rendering.rb:110:in `_render_template'
  actionpack (3.2.14) lib/action_controller/metal/streaming.rb:225:in `_render_template'
  actionpack (3.2.14) lib/abstract_controller/rendering.rb:103:in `render_to_body'
  actionpack (3.2.14) lib/action_controller/metal/renderers.rb:28:in `render_to_body'
  actionpack (3.2.14) lib/action_controller/metal/compatibility.rb:50:in `render_to_body'
  actionpack (3.2.14) lib/abstract_controller/rendering.rb:88:in `render'
  actionpack (3.2.14) lib/action_controller/metal/rendering.rb:16:in `render'
  actionpack (3.2.14) lib/action_controller/metal/instrumentation.rb:40:in `block (2 levels) in render'
  activesupport (3.2.14) lib/active_support/core_ext/benchmark.rb:5:in `block in ms'
  /home/saasbook/.rvm/rubies/ruby-1.9.3-p448/lib/ruby/1.9.1/benchmark.rb:295:in `realtime'
  activesupport (3.2.14) lib/active_support/core_ext/benchmark.rb:5:in `ms'
  actionpack (3.2.14) lib/action_controller/metal/instrumentation.rb:40:in `block in render'
  actionpack (3.2.14) lib/action_controller/metal/instrumentation.rb:83:in `cleanup_view_runtime'
  activerecord (3.2.14) lib/active_record/railties/controller_runtime.rb:24:in `cleanup_view_runtime'
  actionpack (3.2.14) lib/action_controller/metal/instrumentation.rb:39:in `render'
  actionpack (3.2.14) lib/action_controller/metal/implicit_render.rb:10:in `default_render'
  actionpack (3.2.14) lib/action_controller/metal/implicit_render.rb:5:in `send_action'
  actionpack (3.2.14) lib/abstract_controller/base.rb:167:in `process_action'
  actionpack (3.2.14) lib/action_controller/metal/rendering.rb:10:in `process_action'
  actionpack (3.2.14) lib/abstract_controller/callbacks.rb:18:in `block in process_action'
  activesupport (3.2.14) lib/active_support/callbacks.rb:414:in `_run__549798995__process_action__1024081292__callbacks'
  activesupport (3.2.14) lib/active_support/callbacks.rb:405:in `__run_callback'
  activesupport (3.2.14) lib/active_support/callbacks.rb:385:in `_run_process_action_callbacks'
  activesupport (3.2.14) lib/active_support/callbacks.rb:81:in `run_callbacks'
  actionpack (3.2.14) lib/abstract_controller/callbacks.rb:17:in `process_action'
  actionpack (3.2.14) lib/action_controller/metal/rescue.rb:29:in `process_action'
  actionpack (3.2.14) lib/action_controller/metal/instrumentation.rb:30:in `block in process_action'
  activesupport (3.2.14) lib/active_support/notifications.rb:123:in `block in instrument'
  activesupport (3.2.14) lib/active_support/notifications/instrumenter.rb:20:in `instrument'
  activesupport (3.2.14) lib/active_support/notifications.rb:123:in `instrument'
  actionpack (3.2.14) lib/action_controller/metal/instrumentation.rb:29:in `process_action'
  actionpack (3.2.14) lib/action_controller/metal/params_wrapper.rb:207:in `process_action'
  activerecord (3.2.14) lib/active_record/railties/controller_runtime.rb:18:in `process_action'
  actionpack (3.2.14) lib/abstract_controller/base.rb:121:in `process'
  actionpack (3.2.14) lib/abstract_controller/rendering.rb:45:in `process'
  actionpack (3.2.14) lib/action_controller/metal.rb:203:in `dispatch'
  actionpack (3.2.14) lib/action_controller/metal/rack_delegation.rb:14:in `dispatch'
  actionpack (3.2.14) lib/action_controller/metal.rb:246:in `block in action'
  actionpack (3.2.14) lib/action_dispatch/routing/route_set.rb:73:in `call'
  actionpack (3.2.14) lib/action_dispatch/routing/route_set.rb:73:in `dispatch'
  actionpack (3.2.14) lib/action_dispatch/routing/route_set.rb:36:in `call'
  journey (1.0.4) lib/journey/router.rb:68:in `block in call'
  journey (1.0.4) lib/journey/router.rb:56:in `each'
  journey (1.0.4) lib/journey/router.rb:56:in `call'
  actionpack (3.2.14) lib/action_dispatch/routing/route_set.rb:608:in `call'
  actionpack (3.2.14) lib/action_dispatch/middleware/best_standards_support.rb:17:in `call'
  rack (1.4.5) lib/rack/etag.rb:23:in `call'
  rack (1.4.5) lib/rack/conditionalget.rb:25:in `call'
  actionpack (3.2.14) lib/action_dispatch/middleware/head.rb:14:in `call'
  actionpack (3.2.14) lib/action_dispatch/middleware/params_parser.rb:21:in `call'
  actionpack (3.2.14) lib/action_dispatch/middleware/flash.rb:242:in `call'
  rack (1.4.5) lib/rack/session/abstract/id.rb:210:in `context'
  rack (1.4.5) lib/rack/session/abstract/id.rb:205:in `call'
  actionpack (3.2.14) lib/action_dispatch/middleware/cookies.rb:341:in `call'
  activerecord (3.2.14) lib/active_record/query_cache.rb:64:in `call'
  activerecord (3.2.14) lib/active_record/connection_adapters/abstract/connection_pool.rb:479:in `call'
  actionpack (3.2.14) lib/action_dispatch/middleware/callbacks.rb:28:in `block in call'
  activesupport (3.2.14) lib/active_support/callbacks.rb:405:in `_run__730256418__call__60708465__callbacks'
  activesupport (3.2.14) lib/active_support/callbacks.rb:405:in `__run_callback'
  activesupport (3.2.14) lib/active_support/callbacks.rb:385:in `_run_call_callbacks'
  activesupport (3.2.14) lib/active_support/callbacks.rb:81:in `run_callbacks'
  actionpack (3.2.14) lib/action_dispatch/middleware/callbacks.rb:27:in `call'
  actionpack (3.2.14) lib/action_dispatch/middleware/reloader.rb:65:in `call'
  actionpack (3.2.14) lib/action_dispatch/middleware/remote_ip.rb:31:in `call'
  actionpack (3.2.14) lib/action_dispatch/middleware/debug_exceptions.rb:16:in `call'
  actionpack (3.2.14) lib/action_dispatch/middleware/show_exceptions.rb:56:in `call'
  railties (3.2.14) lib/rails/rack/logger.rb:32:in `call_app'
  railties (3.2.14) lib/rails/rack/logger.rb:16:in `block in call'
  activesupport (3.2.14) lib/active_support/tagged_logging.rb:22:in `tagged'
  railties (3.2.14) lib/rails/rack/logger.rb:16:in `call'
  actionpack (3.2.14) lib/action_dispatch/middleware/request_id.rb:22:in `call'
  rack (1.4.5) lib/rack/methodoverride.rb:21:in `call'
  rack (1.4.5) lib/rack/runtime.rb:17:in `call'
  activesupport (3.2.14) lib/active_support/cache/strategy/local_cache.rb:72:in `call'
  rack (1.4.5) lib/rack/lock.rb:15:in `call'
  actionpack (3.2.14) lib/action_dispatch/middleware/static.rb:63:in `call'
  railties (3.2.14) lib/rails/engine.rb:484:in `call'
  railties (3.2.14) lib/rails/application.rb:231:in `call'
  rack (1.4.5) lib/rack/content_length.rb:14:in `call'
  railties (3.2.14) lib/rails/rack/log_tailer.rb:17:in `call'
  rack (1.4.5) lib/rack/handler/webrick.rb:59:in `service'
  /home/saasbook/.rvm/rubies/ruby-1.9.3-p448/lib/ruby/1.9.1/webrick/httpserver.rb:138:in `service'
  /home/saasbook/.rvm/rubies/ruby-1.9.3-p448/lib/ruby/1.9.1/webrick/httpserver.rb:94:in `run'
  /home/saasbook/.rvm/rubies/ruby-1.9.3-p448/lib/ruby/1.9.1/webrick/server.rb:191:in `block in start_thread'


  Rendered /home/saasbook/.rvm/gems/ruby-1.9.3-p448/gems/actionpack-3.2.14/lib/action_dispatch/middleware/templates/rescues/_trace.erb (0.7ms)
  Rendered /home/saasbook/.rvm/gems/ruby-1.9.3-p448/gems/actionpack-3.2.14/lib/action_dispatch/middleware/templates/rescues/_request_and_response.erb (0.5ms)
  Rendered /home/saasbook/.rvm/gems/ruby-1.9.3-p448/gems/actionpack-3.2.14/lib/action_dispatch/middleware/templates/rescues/template_error.erb within rescues/layout (5.6ms)


Started GET "/" for 127.0.0.1 at 2014-02-23 20:08:09 -0700


Started GET "/movies" for 127.0.0.1 at 2014-02-23 20:08:09 -0700
Processing by MoviesController#index as HTML
  [1m[36mMovie Load (0.1ms)[0m  [1mSELECT "movies".* FROM "movies" [0m
ERROR: compiling _app_views_movies_index_html_haml___92410335__620186218 RAISED /home/saasbook/hw2_rottenpotatoes/app/views/movies/index.html.haml:14: syntax error, unexpected '\n', expecting '='
/home/saasbook/hw2_rottenpotatoes/app/views/movies/index.html.haml:16: unknown regexp options - td
/home/saasbook/hw2_rottenpotatoes/app/views/movies/index.html.haml:16: syntax error, unexpected $undefined
));}</td>\n      <td>#{_hamlout.adjust_...
          ^
/home/saasbook/hw2_rottenpotatoes/app/views/movies/index.html.haml:17: syntax error, unexpected ')'
));}</td>\n      <td>#{_hamlou...
 ^
/home/saasbook/hw2_rottenpotatoes/app/views/movies/index.html.haml:18: unknown regexp options - td
/home/saasbook/hw2_rottenpotatoes/app/views/movies/index.html.haml:18: syntax error, unexpected $undefined
));}</td>\n    </tr>\n", -1, false);end...
          ^
/home/saasbook/hw2_rottenpotatoes/app/views/movies/index.html.haml:18: unknown regexp options - tbdy
unmatched close parenthesis: /tr>\n", -1, false);end;_hamlout.push_text("  </
/home/saasbook/hw2_rottenpotatoes/app/views/movies/index.html.haml:18: syntax error, unexpected $undefined
..._hamlout.push_text("  </tbody>\n</table>\n#{_hamlout.adjust_...
...                               ^
/home/saasbook/hw2_rottenpotatoes/app/views/movies/index.html.haml:18: unterminated regexp meets end of file
/home/saasbook/hw2_rottenpotatoes/app/views/movies/index.html.haml:18: syntax error, unexpected $end, expecting ')'
Function body:           def _app_views_movies_index_html_haml___92410335__620186218(local_assigns, output_buffer)
            _old_virtual_path, @virtual_path = @virtual_path, "movies/index";_old_output_buffer = @output_buffer;;begin;extend Haml::Helpers;_hamlout = @haml_buffer = Haml::Buffer.new(haml_buffer, {:autoclose=>["meta", "img", "link", "br", "hr", "input", "area", "param", "col", "base"], :preserve=>["textarea", "pre", "code"], :attr_wrapper=>"'", :ugly=>false, :format=>:html5, :encoding=>"UTF-8", :escape_html=>true, :escape_attrs=>true, :hyphenate_data_attrs=>true, :cdata=>false});_erbout = _hamlout.buffer;@output_buffer = output_buffer ||= ActionView::OutputBuffer.new rescue nil;;_hamlout.push_text("<h1>All Movies</h1>\n<table id='movies'>\n  <thead>\n    <tr>\n      <th>#{_hamlout.adjust_tabs(4); 





_hamlout.format_script_false_true_false_true_false_true_false((link_to 'Movie Title', indexSorted_path()
));}</th>\n      <th>Rating</th>\n      <th>Release Date</th>\n      <th>More Info</th>\n    </tr>\n  </thead>\n  <tbody>\n", -1, false);



 @movies.each do |movie|
_hamlout.push_text("    <tr>\n      <td>#{_hamlout.adjust_tabs(2); 
_hamlout.format_script_false_true_false_true_false_true_false((movie,title
));}</td>\n      <td>#{_hamlout.adjust_tabs(1); _hamlout.format_script_false_true_false_true_false_true_false((movie.rating
));}</td>\n      <td>#{_hamlout.adjust_tabs(1); _hamlout.format_script_false_true_false_true_false_true_false((movie.release_date
));}</td>\n      <td>#{_hamlout.adjust_tabs(1); _hamlout.format_script_false_true_false_true_false_true_false((link_to "More about #{movie.title}", movie_path(movie)
));}</td>\n    </tr>\n", -1, false);end;_hamlout.push_text("  </tbody>\n</table>\n#{_hamlout.adjust_tabs(-2); 
_hamlout.format_script_false_false_false_true_false_true_false(( link_to 'Add new movie', new_movie_path
));}\n", 0, false);::Haml::Util.html_safe(_erbout);ensure;@haml_buffer = @haml_buffer.upper if @haml_buffer;end;
          ensure
            @virtual_path, @output_buffer = _old_virtual_path, _old_output_buffer
          end

Backtrace: /home/saasbook/.rvm/gems/ruby-1.9.3-p448/gems/actionpack-3.2.14/lib/action_view/template.rb:297:in `module_eval'
/home/saasbook/.rvm/gems/ruby-1.9.3-p448/gems/actionpack-3.2.14/lib/action_view/template.rb:297:in `compile'
/home/saasbook/.rvm/gems/ruby-1.9.3-p448/gems/actionpack-3.2.14/lib/action_view/template.rb:244:in `block in compile!'
<internal:prelude>:10:in `synchronize'
/home/saasbook/.rvm/gems/ruby-1.9.3-p448/gems/actionpack-3.2.14/lib/action_view/template.rb:232:in `compile!'
/home/saasbook/.rvm/gems/ruby-1.9.3-p448/gems/actionpack-3.2.14/lib/action_view/template.rb:144:in `block in render'
/home/saasbook/.rvm/gems/ruby-1.9.3-p448/gems/activesupport-3.2.14/lib/active_support/notifications.rb:125:in `instrument'
/home/saasbook/.rvm/gems/ruby-1.9.3-p448/gems/actionpack-3.2.14/lib/action_view/template.rb:143:in `render'
/home/saasbook/.rvm/gems/ruby-1.9.3-p448/gems/actionpack-3.2.14/lib/action_view/renderer/template_renderer.rb:48:in `block (2 levels) in render_template'
/home/saasbook/.rvm/gems/ruby-1.9.3-p448/gems/actionpack-3.2.14/lib/action_view/renderer/abstract_renderer.rb:38:in `block in instrument'
/home/saasbook/.rvm/gems/ruby-1.9.3-p448/gems/activesupport-3.2.14/lib/active_support/notifications.rb:123:in `block in instrument'
/home/saasbook/.rvm/gems/ruby-1.9.3-p448/gems/activesupport-3.2.14/lib/active_support/notifications/instrumenter.rb:20:in `instrument'
/home/saasbook/.rvm/gems/ruby-1.9.3-p448/gems/activesupport-3.2.14/lib/active_support/notifications.rb:123:in `instrument'
/home/saasbook/.rvm/gems/ruby-1.9.3-p448/gems/actionpack-3.2.14/lib/action_view/renderer/abstract_renderer.rb:38:in `instrument'
/home/saasbook/.rvm/gems/ruby-1.9.3-p448/gems/actionpack-3.2.14/lib/action_view/renderer/template_renderer.rb:47:in `block in render_template'
/home/saasbook/.rvm/gems/ruby-1.9.3-p448/gems/actionpack-3.2.14/lib/action_view/renderer/template_renderer.rb:55:in `render_with_layout'
/home/saasbook/.rvm/gems/ruby-1.9.3-p448/gems/actionpack-3.2.14/lib/action_view/renderer/template_renderer.rb:46:in `render_template'
/home/saasbook/.rvm/gems/ruby-1.9.3-p448/gems/actionpack-3.2.14/lib/action_view/renderer/template_renderer.rb:19:in `render'
/home/saasbook/.rvm/gems/ruby-1.9.3-p448/gems/actionpack-3.2.14/lib/action_view/renderer/renderer.rb:36:in `render_template'
/home/saasbook/.rvm/gems/ruby-1.9.3-p448/gems/actionpack-3.2.14/lib/action_view/renderer/renderer.rb:17:in `render'
/home/saasbook/.rvm/gems/ruby-1.9.3-p448/gems/actionpack-3.2.14/lib/abstract_controller/rendering.rb:110:in `_render_template'
/home/saasbook/.rvm/gems/ruby-1.9.3-p448/gems/actionpack-3.2.14/lib/action_controller/metal/streaming.rb:225:in `_render_template'
/home/saasbook/.rvm/gems/ruby-1.9.3-p448/gems/actionpack-3.2.14/lib/abstract_controller/rendering.rb:103:in `render_to_body'
/home/saasbook/.rvm/gems/ruby-1.9.3-p448/gems/actionpack-3.2.14/lib/action_controller/metal/renderers.rb:28:in `render_to_body'
/home/saasbook/.rvm/gems/ruby-1.9.3-p448/gems/actionpack-3.2.14/lib/action_controller/metal/compatibility.rb:50:in `render_to_body'
/home/saasbook/.rvm/gems/ruby-1.9.3-p448/gems/actionpack-3.2.14/lib/abstract_controller/rendering.rb:88:in `render'
/home/saasbook/.rvm/gems/ruby-1.9.3-p448/gems/actionpack-3.2.14/lib/action_controller/metal/rendering.rb:16:in `render'
/home/saasbook/.rvm/gems/ruby-1.9.3-p448/gems/actionpack-3.2.14/lib/action_controller/metal/instrumentation.rb:40:in `block (2 levels) in render'
/home/saasbook/.rvm/gems/ruby-1.9.3-p448/gems/activesupport-3.2.14/lib/active_support/core_ext/benchmark.rb:5:in `block in ms'
/home/saasbook/.rvm/rubies/ruby-1.9.3-p448/lib/ruby/1.9.1/benchmark.rb:295:in `realtime'
/home/saasbook/.rvm/gems/ruby-1.9.3-p448/gems/activesupport-3.2.14/lib/active_support/core_ext/benchmark.rb:5:in `ms'
/home/saasbook/.rvm/gems/ruby-1.9.3-p448/gems/actionpack-3.2.14/lib/action_controller/metal/instrumentation.rb:40:in `block in render'
/home/saasbook/.rvm/gems/ruby-1.9.3-p448/gems/actionpack-3.2.14/lib/action_controller/metal/instrumentation.rb:83:in `cleanup_view_runtime'
/home/saasbook/.rvm/gems/ruby-1.9.3-p448/gems/activerecord-3.2.14/lib/active_record/railties/controller_runtime.rb:24:in `cleanup_view_runtime'
/home/saasbook/.rvm/gems/ruby-1.9.3-p448/gems/actionpack-3.2.14/lib/action_controller/metal/instrumentation.rb:39:in `render'
/home/saasbook/.rvm/gems/ruby-1.9.3-p448/gems/actionpack-3.2.14/lib/action_controller/metal/implicit_render.rb:10:in `default_render'
/home/saasbook/.rvm/gems/ruby-1.9.3-p448/gems/actionpack-3.2.14/lib/action_controller/metal/implicit_render.rb:5:in `send_action'
/home/saasbook/.rvm/gems/ruby-1.9.3-p448/gems/actionpack-3.2.14/lib/abstract_controller/base.rb:167:in `process_action'
/home/saasbook/.rvm/gems/ruby-1.9.3-p448/gems/actionpack-3.2.14/lib/action_controller/metal/rendering.rb:10:in `process_action'
/home/saasbook/.rvm/gems/ruby-1.9.3-p448/gems/actionpack-3.2.14/lib/abstract_controller/callbacks.rb:18:in `block in process_action'
/home/saasbook/.rvm/gems/ruby-1.9.3-p448/gems/activesupport-3.2.14/lib/active_support/callbacks.rb:414:in `_run__549798995__process_action__1024081292__callbacks'
/home/saasbook/.rvm/gems/ruby-1.9.3-p448/gems/activesupport-3.2.14/lib/active_support/callbacks.rb:405:in `__run_callback'
/home/saasbook/.rvm/gems/ruby-1.9.3-p448/gems/activesupport-3.2.14/lib/active_support/callbacks.rb:385:in `_run_process_action_callbacks'
/home/saasbook/.rvm/gems/ruby-1.9.3-p448/gems/activesupport-3.2.14/lib/active_support/callbacks.rb:81:in `run_callbacks'
/home/saasbook/.rvm/gems/ruby-1.9.3-p448/gems/actionpack-3.2.14/lib/abstract_controller/callbacks.rb:17:in `process_action'
/home/saasbook/.rvm/gems/ruby-1.9.3-p448/gems/actionpack-3.2.14/lib/action_controller/metal/rescue.rb:29:in `process_action'
/home/saasbook/.rvm/gems/ruby-1.9.3-p448/gems/actionpack-3.2.14/lib/action_controller/metal/instrumentation.rb:30:in `block in process_action'
/home/saasbook/.rvm/gems/ruby-1.9.3-p448/gems/activesupport-3.2.14/lib/active_support/notifications.rb:123:in `block in instrument'
/home/saasbook/.rvm/gems/ruby-1.9.3-p448/gems/activesupport-3.2.14/lib/active_support/notifications/instrumenter.rb:20:in `instrument'
/home/saasbook/.rvm/gems/ruby-1.9.3-p448/gems/activesupport-3.2.14/lib/active_support/notifications.rb:123:in `instrument'
/home/saasbook/.rvm/gems/ruby-1.9.3-p448/gems/actionpack-3.2.14/lib/action_controller/metal/instrumentation.rb:29:in `process_action'
/home/saasbook/.rvm/gems/ruby-1.9.3-p448/gems/actionpack-3.2.14/lib/action_controller/metal/params_wrapper.rb:207:in `process_action'
/home/saasbook/.rvm/gems/ruby-1.9.3-p448/gems/activerecord-3.2.14/lib/active_record/railties/controller_runtime.rb:18:in `process_action'
/home/saasbook/.rvm/gems/ruby-1.9.3-p448/gems/actionpack-3.2.14/lib/abstract_controller/base.rb:121:in `process'
/home/saasbook/.rvm/gems/ruby-1.9.3-p448/gems/actionpack-3.2.14/lib/abstract_controller/rendering.rb:45:in `process'
/home/saasbook/.rvm/gems/ruby-1.9.3-p448/gems/actionpack-3.2.14/lib/action_controller/metal.rb:203:in `dispatch'
/home/saasbook/.rvm/gems/ruby-1.9.3-p448/gems/actionpack-3.2.14/lib/action_controller/metal/rack_delegation.rb:14:in `dispatch'
/home/saasbook/.rvm/gems/ruby-1.9.3-p448/gems/actionpack-3.2.14/lib/action_controller/metal.rb:246:in `block in action'
/home/saasbook/.rvm/gems/ruby-1.9.3-p448/gems/actionpack-3.2.14/lib/action_dispatch/routing/route_set.rb:73:in `call'
/home/saasbook/.rvm/gems/ruby-1.9.3-p448/gems/actionpack-3.2.14/lib/action_dispatch/routing/route_set.rb:73:in `dispatch'
/home/saasbook/.rvm/gems/ruby-1.9.3-p448/gems/actionpack-3.2.14/lib/action_dispatch/routing/route_set.rb:36:in `call'
/home/saasbook/.rvm/gems/ruby-1.9.3-p448/gems/journey-1.0.4/lib/journey/router.rb:68:in `block in call'
/home/saasbook/.rvm/gems/ruby-1.9.3-p448/gems/journey-1.0.4/lib/journey/router.rb:56:in `each'
/home/saasbook/.rvm/gems/ruby-1.9.3-p448/gems/journey-1.0.4/lib/journey/router.rb:56:in `call'
/home/saasbook/.rvm/gems/ruby-1.9.3-p448/gems/actionpack-3.2.14/lib/action_dispatch/routing/route_set.rb:608:in `call'
/home/saasbook/.rvm/gems/ruby-1.9.3-p448/gems/actionpack-3.2.14/lib/action_dispatch/middleware/best_standards_support.rb:17:in `call'
/home/saasbook/.rvm/gems/ruby-1.9.3-p448/gems/rack-1.4.5/lib/rack/etag.rb:23:in `call'
/home/saasbook/.rvm/gems/ruby-1.9.3-p448/gems/rack-1.4.5/lib/rack/conditionalget.rb:25:in `call'
/home/saasbook/.rvm/gems/ruby-1.9.3-p448/gems/actionpack-3.2.14/lib/action_dispatch/middleware/head.rb:14:in `call'
/home/saasbook/.rvm/gems/ruby-1.9.3-p448/gems/actionpack-3.2.14/lib/action_dispatch/middleware/params_parser.rb:21:in `call'
/home/saasbook/.rvm/gems/ruby-1.9.3-p448/gems/actionpack-3.2.14/lib/action_dispatch/middleware/flash.rb:242:in `call'
/home/saasbook/.rvm/gems/ruby-1.9.3-p448/gems/rack-1.4.5/lib/rack/session/abstract/id.rb:210:in `context'
/home/saasbook/.rvm/gems/ruby-1.9.3-p448/gems/rack-1.4.5/lib/rack/session/abstract/id.rb:205:in `call'
/home/saasbook/.rvm/gems/ruby-1.9.3-p448/gems/actionpack-3.2.14/lib/action_dispatch/middleware/cookies.rb:341:in `call'
/home/saasbook/.rvm/gems/ruby-1.9.3-p448/gems/activerecord-3.2.14/lib/active_record/query_cache.rb:64:in `call'
/home/saasbook/.rvm/gems/ruby-1.9.3-p448/gems/activerecord-3.2.14/lib/active_record/connection_adapters/abstract/connection_pool.rb:479:in `call'
/home/saasbook/.rvm/gems/ruby-1.9.3-p448/gems/actionpack-3.2.14/lib/action_dispatch/middleware/callbacks.rb:28:in `block in call'
/home/saasbook/.rvm/gems/ruby-1.9.3-p448/gems/activesupport-3.2.14/lib/active_support/callbacks.rb:405:in `_run__730256418__call__60708465__callbacks'
/home/saasbook/.rvm/gems/ruby-1.9.3-p448/gems/activesupport-3.2.14/lib/active_support/callbacks.rb:405:in `__run_callback'
/home/saasbook/.rvm/gems/ruby-1.9.3-p448/gems/activesupport-3.2.14/lib/active_support/callbacks.rb:385:in `_run_call_callbacks'
/home/saasbook/.rvm/gems/ruby-1.9.3-p448/gems/activesupport-3.2.14/lib/active_support/callbacks.rb:81:in `run_callbacks'
/home/saasbook/.rvm/gems/ruby-1.9.3-p448/gems/actionpack-3.2.14/lib/action_dispatch/middleware/callbacks.rb:27:in `call'
/home/saasbook/.rvm/gems/ruby-1.9.3-p448/gems/actionpack-3.2.14/lib/action_dispatch/middleware/reloader.rb:65:in `call'
/home/saasbook/.rvm/gems/ruby-1.9.3-p448/gems/actionpack-3.2.14/lib/action_dispatch/middleware/remote_ip.rb:31:in `call'
/home/saasbook/.rvm/gems/ruby-1.9.3-p448/gems/actionpack-3.2.14/lib/action_dispatch/middleware/debug_exceptions.rb:16:in `call'
/home/saasbook/.rvm/gems/ruby-1.9.3-p448/gems/actionpack-3.2.14/lib/action_dispatch/middleware/show_exceptions.rb:56:in `call'
/home/saasbook/.rvm/gems/ruby-1.9.3-p448/gems/railties-3.2.14/lib/rails/rack/logger.rb:32:in `call_app'
/home/saasbook/.rvm/gems/ruby-1.9.3-p448/gems/railties-3.2.14/lib/rails/rack/logger.rb:16:in `block in call'
/home/saasbook/.rvm/gems/ruby-1.9.3-p448/gems/activesupport-3.2.14/lib/active_support/tagged_logging.rb:22:in `tagged'
/home/saasbook/.rvm/gems/ruby-1.9.3-p448/gems/railties-3.2.14/lib/rails/rack/logger.rb:16:in `call'
/home/saasbook/.rvm/gems/ruby-1.9.3-p448/gems/actionpack-3.2.14/lib/action_dispatch/middleware/request_id.rb:22:in `call'
/home/saasbook/.rvm/gems/ruby-1.9.3-p448/gems/rack-1.4.5/lib/rack/methodoverride.rb:21:in `call'
/home/saasbook/.rvm/gems/ruby-1.9.3-p448/gems/rack-1.4.5/lib/rack/runtime.rb:17:in `call'
/home/saasbook/.rvm/gems/ruby-1.9.3-p448/gems/activesupport-3.2.14/lib/active_support/cache/strategy/local_cache.rb:72:in `call'
/home/saasbook/.rvm/gems/ruby-1.9.3-p448/gems/rack-1.4.5/lib/rack/lock.rb:15:in `call'
/home/saasbook/.rvm/gems/ruby-1.9.3-p448/gems/actionpack-3.2.14/lib/action_dispatch/middleware/static.rb:63:in `call'
/home/saasbook/.rvm/gems/ruby-1.9.3-p448/gems/railties-3.2.14/lib/rails/engine.rb:484:in `call'
/home/saasbook/.rvm/gems/ruby-1.9.3-p448/gems/railties-3.2.14/lib/rails/application.rb:231:in `call'
/home/saasbook/.rvm/gems/ruby-1.9.3-p448/gems/rack-1.4.5/lib/rack/content_length.rb:14:in `call'
/home/saasbook/.rvm/gems/ruby-1.9.3-p448/gems/railties-3.2.14/lib/rails/rack/log_tailer.rb:17:in `call'
/home/saasbook/.rvm/gems/ruby-1.9.3-p448/gems/rack-1.4.5/lib/rack/handler/webrick.rb:59:in `service'
/home/saasbook/.rvm/rubies/ruby-1.9.3-p448/lib/ruby/1.9.1/webrick/httpserver.rb:138:in `service'
/home/saasbook/.rvm/rubies/ruby-1.9.3-p448/lib/ruby/1.9.1/webrick/httpserver.rb:94:in `run'
/home/saasbook/.rvm/rubies/ruby-1.9.3-p448/lib/ruby/1.9.1/webrick/server.rb:191:in `block in start_thread'
  Rendered movies/index.html.haml within layouts/application (1.6ms)
Completed 500 Internal Server Error in 4ms

ActionView::Template::Error (/home/saasbook/hw2_rottenpotatoes/app/views/movies/index.html.haml:14: syntax error, unexpected '\n', expecting '='
/home/saasbook/hw2_rottenpotatoes/app/views/movies/index.html.haml:16: unknown regexp options - td
/home/saasbook/hw2_rottenpotatoes/app/views/movies/index.html.haml:16: syntax error, unexpected $undefined
));}</td>\n      <td>#{_hamlout.adjust_...
          ^
/home/saasbook/hw2_rottenpotatoes/app/views/movies/index.html.haml:17: syntax error, unexpected ')'
));}</td>\n      <td>#{_hamlou...
 ^
/home/saasbook/hw2_rottenpotatoes/app/views/movies/index.html.haml:18: unknown regexp options - td
/home/saasbook/hw2_rottenpotatoes/app/views/movies/index.html.haml:18: syntax error, unexpected $undefined
));}</td>\n    </tr>\n", -1, false);end...
          ^
/home/saasbook/hw2_rottenpotatoes/app/views/movies/index.html.haml:18: unknown regexp options - tbdy
unmatched close parenthesis: /tr>\n", -1, false);end;_hamlout.push_text("  </
/home/saasbook/hw2_rottenpotatoes/app/views/movies/index.html.haml:18: syntax error, unexpected $undefined
..._hamlout.push_text("  </tbody>\n</table>\n#{_hamlout.adjust_...
...                               ^
/home/saasbook/hw2_rottenpotatoes/app/views/movies/index.html.haml:18: unterminated regexp meets end of file
/home/saasbook/hw2_rottenpotatoes/app/views/movies/index.html.haml:18: syntax error, unexpected $end, expecting ')'):
    11:   %tbody
    12:     - @movies.each do |movie|
    13:       %tr
    14:         %td= movie,title 
    15:         %td= movie.rating
    16:         %td= movie.release_date
    17:         %td= link_to "More about #{movie.title}", movie_path(movie)
  actionpack (3.2.14) lib/action_view/template.rb:297:in `module_eval'
  actionpack (3.2.14) lib/action_view/template.rb:297:in `compile'
  actionpack (3.2.14) lib/action_view/template.rb:244:in `block in compile!'
  <internal:prelude>:10:in `synchronize'
  actionpack (3.2.14) lib/action_view/template.rb:232:in `compile!'
  actionpack (3.2.14) lib/action_view/template.rb:144:in `block in render'
  activesupport (3.2.14) lib/active_support/notifications.rb:125:in `instrument'
  actionpack (3.2.14) lib/action_view/template.rb:143:in `render'
  actionpack (3.2.14) lib/action_view/renderer/template_renderer.rb:48:in `block (2 levels) in render_template'
  actionpack (3.2.14) lib/action_view/renderer/abstract_renderer.rb:38:in `block in instrument'
  activesupport (3.2.14) lib/active_support/notifications.rb:123:in `block in instrument'
  activesupport (3.2.14) lib/active_support/notifications/instrumenter.rb:20:in `instrument'
  activesupport (3.2.14) lib/active_support/notifications.rb:123:in `instrument'
  actionpack (3.2.14) lib/action_view/renderer/abstract_renderer.rb:38:in `instrument'
  actionpack (3.2.14) lib/action_view/renderer/template_renderer.rb:47:in `block in render_template'
  actionpack (3.2.14) lib/action_view/renderer/template_renderer.rb:55:in `render_with_layout'
  actionpack (3.2.14) lib/action_view/renderer/template_renderer.rb:46:in `render_template'
  actionpack (3.2.14) lib/action_view/renderer/template_renderer.rb:19:in `render'
  actionpack (3.2.14) lib/action_view/renderer/renderer.rb:36:in `render_template'
  actionpack (3.2.14) lib/action_view/renderer/renderer.rb:17:in `render'
  actionpack (3.2.14) lib/abstract_controller/rendering.rb:110:in `_render_template'
  actionpack (3.2.14) lib/action_controller/metal/streaming.rb:225:in `_render_template'
  actionpack (3.2.14) lib/abstract_controller/rendering.rb:103:in `render_to_body'
  actionpack (3.2.14) lib/action_controller/metal/renderers.rb:28:in `render_to_body'
  actionpack (3.2.14) lib/action_controller/metal/compatibility.rb:50:in `render_to_body'
  actionpack (3.2.14) lib/abstract_controller/rendering.rb:88:in `render'
  actionpack (3.2.14) lib/action_controller/metal/rendering.rb:16:in `render'
  actionpack (3.2.14) lib/action_controller/metal/instrumentation.rb:40:in `block (2 levels) in render'
  activesupport (3.2.14) lib/active_support/core_ext/benchmark.rb:5:in `block in ms'
  /home/saasbook/.rvm/rubies/ruby-1.9.3-p448/lib/ruby/1.9.1/benchmark.rb:295:in `realtime'
  activesupport (3.2.14) lib/active_support/core_ext/benchmark.rb:5:in `ms'
  actionpack (3.2.14) lib/action_controller/metal/instrumentation.rb:40:in `block in render'
  actionpack (3.2.14) lib/action_controller/metal/instrumentation.rb:83:in `cleanup_view_runtime'
  activerecord (3.2.14) lib/active_record/railties/controller_runtime.rb:24:in `cleanup_view_runtime'
  actionpack (3.2.14) lib/action_controller/metal/instrumentation.rb:39:in `render'
  actionpack (3.2.14) lib/action_controller/metal/implicit_render.rb:10:in `default_render'
  actionpack (3.2.14) lib/action_controller/metal/implicit_render.rb:5:in `send_action'
  actionpack (3.2.14) lib/abstract_controller/base.rb:167:in `process_action'
  actionpack (3.2.14) lib/action_controller/metal/rendering.rb:10:in `process_action'
  actionpack (3.2.14) lib/abstract_controller/callbacks.rb:18:in `block in process_action'
  activesupport (3.2.14) lib/active_support/callbacks.rb:414:in `_run__549798995__process_action__1024081292__callbacks'
  activesupport (3.2.14) lib/active_support/callbacks.rb:405:in `__run_callback'
  activesupport (3.2.14) lib/active_support/callbacks.rb:385:in `_run_process_action_callbacks'
  activesupport (3.2.14) lib/active_support/callbacks.rb:81:in `run_callbacks'
  actionpack (3.2.14) lib/abstract_controller/callbacks.rb:17:in `process_action'
  actionpack (3.2.14) lib/action_controller/metal/rescue.rb:29:in `process_action'
  actionpack (3.2.14) lib/action_controller/metal/instrumentation.rb:30:in `block in process_action'
  activesupport (3.2.14) lib/active_support/notifications.rb:123:in `block in instrument'
  activesupport (3.2.14) lib/active_support/notifications/instrumenter.rb:20:in `instrument'
  activesupport (3.2.14) lib/active_support/notifications.rb:123:in `instrument'
  actionpack (3.2.14) lib/action_controller/metal/instrumentation.rb:29:in `process_action'
  actionpack (3.2.14) lib/action_controller/metal/params_wrapper.rb:207:in `process_action'
  activerecord (3.2.14) lib/active_record/railties/controller_runtime.rb:18:in `process_action'
  actionpack (3.2.14) lib/abstract_controller/base.rb:121:in `process'
  actionpack (3.2.14) lib/abstract_controller/rendering.rb:45:in `process'
  actionpack (3.2.14) lib/action_controller/metal.rb:203:in `dispatch'
  actionpack (3.2.14) lib/action_controller/metal/rack_delegation.rb:14:in `dispatch'
  actionpack (3.2.14) lib/action_controller/metal.rb:246:in `block in action'
  actionpack (3.2.14) lib/action_dispatch/routing/route_set.rb:73:in `call'
  actionpack (3.2.14) lib/action_dispatch/routing/route_set.rb:73:in `dispatch'
  actionpack (3.2.14) lib/action_dispatch/routing/route_set.rb:36:in `call'
  journey (1.0.4) lib/journey/router.rb:68:in `block in call'
  journey (1.0.4) lib/journey/router.rb:56:in `each'
  journey (1.0.4) lib/journey/router.rb:56:in `call'
  actionpack (3.2.14) lib/action_dispatch/routing/route_set.rb:608:in `call'
  actionpack (3.2.14) lib/action_dispatch/middleware/best_standards_support.rb:17:in `call'
  rack (1.4.5) lib/rack/etag.rb:23:in `call'
  rack (1.4.5) lib/rack/conditionalget.rb:25:in `call'
  actionpack (3.2.14) lib/action_dispatch/middleware/head.rb:14:in `call'
  actionpack (3.2.14) lib/action_dispatch/middleware/params_parser.rb:21:in `call'
  actionpack (3.2.14) lib/action_dispatch/middleware/flash.rb:242:in `call'
  rack (1.4.5) lib/rack/session/abstract/id.rb:210:in `context'
  rack (1.4.5) lib/rack/session/abstract/id.rb:205:in `call'
  actionpack (3.2.14) lib/action_dispatch/middleware/cookies.rb:341:in `call'
  activerecord (3.2.14) lib/active_record/query_cache.rb:64:in `call'
  activerecord (3.2.14) lib/active_record/connection_adapters/abstract/connection_pool.rb:479:in `call'
  actionpack (3.2.14) lib/action_dispatch/middleware/callbacks.rb:28:in `block in call'
  activesupport (3.2.14) lib/active_support/callbacks.rb:405:in `_run__730256418__call__60708465__callbacks'
  activesupport (3.2.14) lib/active_support/callbacks.rb:405:in `__run_callback'
  activesupport (3.2.14) lib/active_support/callbacks.rb:385:in `_run_call_callbacks'
  activesupport (3.2.14) lib/active_support/callbacks.rb:81:in `run_callbacks'
  actionpack (3.2.14) lib/action_dispatch/middleware/callbacks.rb:27:in `call'
  actionpack (3.2.14) lib/action_dispatch/middleware/reloader.rb:65:in `call'
  actionpack (3.2.14) lib/action_dispatch/middleware/remote_ip.rb:31:in `call'
  actionpack (3.2.14) lib/action_dispatch/middleware/debug_exceptions.rb:16:in `call'
  actionpack (3.2.14) lib/action_dispatch/middleware/show_exceptions.rb:56:in `call'
  railties (3.2.14) lib/rails/rack/logger.rb:32:in `call_app'
  railties (3.2.14) lib/rails/rack/logger.rb:16:in `block in call'
  activesupport (3.2.14) lib/active_support/tagged_logging.rb:22:in `tagged'
  railties (3.2.14) lib/rails/rack/logger.rb:16:in `call'
  actionpack (3.2.14) lib/action_dispatch/middleware/request_id.rb:22:in `call'
  rack (1.4.5) lib/rack/methodoverride.rb:21:in `call'
  rack (1.4.5) lib/rack/runtime.rb:17:in `call'
  activesupport (3.2.14) lib/active_support/cache/strategy/local_cache.rb:72:in `call'
  rack (1.4.5) lib/rack/lock.rb:15:in `call'
  actionpack (3.2.14) lib/action_dispatch/middleware/static.rb:63:in `call'
  railties (3.2.14) lib/rails/engine.rb:484:in `call'
  railties (3.2.14) lib/rails/application.rb:231:in `call'
  rack (1.4.5) lib/rack/content_length.rb:14:in `call'
  railties (3.2.14) lib/rails/rack/log_tailer.rb:17:in `call'
  rack (1.4.5) lib/rack/handler/webrick.rb:59:in `service'
  /home/saasbook/.rvm/rubies/ruby-1.9.3-p448/lib/ruby/1.9.1/webrick/httpserver.rb:138:in `service'
  /home/saasbook/.rvm/rubies/ruby-1.9.3-p448/lib/ruby/1.9.1/webrick/httpserver.rb:94:in `run'
  /home/saasbook/.rvm/rubies/ruby-1.9.3-p448/lib/ruby/1.9.1/webrick/server.rb:191:in `block in start_thread'


  Rendered /home/saasbook/.rvm/gems/ruby-1.9.3-p448/gems/actionpack-3.2.14/lib/action_dispatch/middleware/templates/rescues/_trace.erb (0.7ms)
  Rendered /home/saasbook/.rvm/gems/ruby-1.9.3-p448/gems/actionpack-3.2.14/lib/action_dispatch/middleware/templates/rescues/_request_and_response.erb (0.5ms)
  Rendered /home/saasbook/.rvm/gems/ruby-1.9.3-p448/gems/actionpack-3.2.14/lib/action_dispatch/middleware/templates/rescues/template_error.erb within rescues/layout (6.4ms)


Started GET "/" for 127.0.0.1 at 2014-02-23 20:09:04 -0700


Started GET "/movies" for 127.0.0.1 at 2014-02-23 20:09:04 -0700
Processing by MoviesController#index as HTML
  [1m[35mMovie Load (0.2ms)[0m  SELECT "movies".* FROM "movies" 
ERROR: compiling _app_views_movies_index_html_haml___92410335__626683858 RAISED /home/saasbook/hw2_rottenpotatoes/app/views/movies/index.html.haml:14: syntax error, unexpected '\n', expecting '='
/home/saasbook/hw2_rottenpotatoes/app/views/movies/index.html.haml:16: unknown regexp options - td
/home/saasbook/hw2_rottenpotatoes/app/views/movies/index.html.haml:16: syntax error, unexpected $undefined
));}</td>\n      <td>#{_hamlout.adjust_...
          ^
/home/saasbook/hw2_rottenpotatoes/app/views/movies/index.html.haml:17: syntax error, unexpected ')'
));}</td>\n      <td>#{_hamlou...
 ^
/home/saasbook/hw2_rottenpotatoes/app/views/movies/index.html.haml:18: unknown regexp options - td
/home/saasbook/hw2_rottenpotatoes/app/views/movies/index.html.haml:18: syntax error, unexpected $undefined
));}</td>\n    </tr>\n", -1, false);end...
          ^
/home/saasbook/hw2_rottenpotatoes/app/views/movies/index.html.haml:18: unknown regexp options - tbdy
unmatched close parenthesis: /tr>\n", -1, false);end;_hamlout.push_text("  </
/home/saasbook/hw2_rottenpotatoes/app/views/movies/index.html.haml:18: syntax error, unexpected $undefined
..._hamlout.push_text("  </tbody>\n</table>\n#{_hamlout.adjust_...
...                               ^
/home/saasbook/hw2_rottenpotatoes/app/views/movies/index.html.haml:18: unterminated regexp meets end of file
/home/saasbook/hw2_rottenpotatoes/app/views/movies/index.html.haml:18: syntax error, unexpected $end, expecting ')'
Function body:           def _app_views_movies_index_html_haml___92410335__626683858(local_assigns, output_buffer)
            _old_virtual_path, @virtual_path = @virtual_path, "movies/index";_old_output_buffer = @output_buffer;;begin;extend Haml::Helpers;_hamlout = @haml_buffer = Haml::Buffer.new(haml_buffer, {:autoclose=>["meta", "img", "link", "br", "hr", "input", "area", "param", "col", "base"], :preserve=>["textarea", "pre", "code"], :attr_wrapper=>"'", :ugly=>false, :format=>:html5, :encoding=>"UTF-8", :escape_html=>true, :escape_attrs=>true, :hyphenate_data_attrs=>true, :cdata=>false});_erbout = _hamlout.buffer;@output_buffer = output_buffer ||= ActionView::OutputBuffer.new rescue nil;;_hamlout.push_text("<h1>All Movies</h1>\n<table id='movies'>\n  <thead>\n    <tr>\n      <th>#{_hamlout.adjust_tabs(4); 





_hamlout.format_script_false_true_false_true_false_true_false((link_to 'Movie Title', movie_path(movie)#indexSorted_path()
));}</th>\n      <th>Rating</th>\n      <th>Release Date</th>\n      <th>More Info</th>\n    </tr>\n  </thead>\n  <tbody>\n", -1, false);



 @movies.each do |movie|
_hamlout.push_text("    <tr>\n      <td>#{_hamlout.adjust_tabs(2); 
_hamlout.format_script_false_true_false_true_false_true_false((movie,title
));}</td>\n      <td>#{_hamlout.adjust_tabs(1); _hamlout.format_script_false_true_false_true_false_true_false((movie.rating
));}</td>\n      <td>#{_hamlout.adjust_tabs(1); _hamlout.format_script_false_true_false_true_false_true_false((movie.release_date
));}</td>\n      <td>#{_hamlout.adjust_tabs(1); _hamlout.format_script_false_true_false_true_false_true_false((link_to "More about #{movie.title}", movie_path(movie)
));}</td>\n    </tr>\n", -1, false);end;_hamlout.push_text("  </tbody>\n</table>\n#{_hamlout.adjust_tabs(-2); 
_hamlout.format_script_false_false_false_true_false_true_false(( link_to 'Add new movie', new_movie_path
));}\n", 0, false);::Haml::Util.html_safe(_erbout);ensure;@haml_buffer = @haml_buffer.upper if @haml_buffer;end;
          ensure
            @virtual_path, @output_buffer = _old_virtual_path, _old_output_buffer
          end

Backtrace: /home/saasbook/.rvm/gems/ruby-1.9.3-p448/gems/actionpack-3.2.14/lib/action_view/template.rb:297:in `module_eval'
/home/saasbook/.rvm/gems/ruby-1.9.3-p448/gems/actionpack-3.2.14/lib/action_view/template.rb:297:in `compile'
/home/saasbook/.rvm/gems/ruby-1.9.3-p448/gems/actionpack-3.2.14/lib/action_view/template.rb:244:in `block in compile!'
<internal:prelude>:10:in `synchronize'
/home/saasbook/.rvm/gems/ruby-1.9.3-p448/gems/actionpack-3.2.14/lib/action_view/template.rb:232:in `compile!'
/home/saasbook/.rvm/gems/ruby-1.9.3-p448/gems/actionpack-3.2.14/lib/action_view/template.rb:144:in `block in render'
/home/saasbook/.rvm/gems/ruby-1.9.3-p448/gems/activesupport-3.2.14/lib/active_support/notifications.rb:125:in `instrument'
/home/saasbook/.rvm/gems/ruby-1.9.3-p448/gems/actionpack-3.2.14/lib/action_view/template.rb:143:in `render'
/home/saasbook/.rvm/gems/ruby-1.9.3-p448/gems/actionpack-3.2.14/lib/action_view/renderer/template_renderer.rb:48:in `block (2 levels) in render_template'
/home/saasbook/.rvm/gems/ruby-1.9.3-p448/gems/actionpack-3.2.14/lib/action_view/renderer/abstract_renderer.rb:38:in `block in instrument'
/home/saasbook/.rvm/gems/ruby-1.9.3-p448/gems/activesupport-3.2.14/lib/active_support/notifications.rb:123:in `block in instrument'
/home/saasbook/.rvm/gems/ruby-1.9.3-p448/gems/activesupport-3.2.14/lib/active_support/notifications/instrumenter.rb:20:in `instrument'
/home/saasbook/.rvm/gems/ruby-1.9.3-p448/gems/activesupport-3.2.14/lib/active_support/notifications.rb:123:in `instrument'
/home/saasbook/.rvm/gems/ruby-1.9.3-p448/gems/actionpack-3.2.14/lib/action_view/renderer/abstract_renderer.rb:38:in `instrument'
/home/saasbook/.rvm/gems/ruby-1.9.3-p448/gems/actionpack-3.2.14/lib/action_view/renderer/template_renderer.rb:47:in `block in render_template'
/home/saasbook/.rvm/gems/ruby-1.9.3-p448/gems/actionpack-3.2.14/lib/action_view/renderer/template_renderer.rb:55:in `render_with_layout'
/home/saasbook/.rvm/gems/ruby-1.9.3-p448/gems/actionpack-3.2.14/lib/action_view/renderer/template_renderer.rb:46:in `render_template'
/home/saasbook/.rvm/gems/ruby-1.9.3-p448/gems/actionpack-3.2.14/lib/action_view/renderer/template_renderer.rb:19:in `render'
/home/saasbook/.rvm/gems/ruby-1.9.3-p448/gems/actionpack-3.2.14/lib/action_view/renderer/renderer.rb:36:in `render_template'
/home/saasbook/.rvm/gems/ruby-1.9.3-p448/gems/actionpack-3.2.14/lib/action_view/renderer/renderer.rb:17:in `render'
/home/saasbook/.rvm/gems/ruby-1.9.3-p448/gems/actionpack-3.2.14/lib/abstract_controller/rendering.rb:110:in `_render_template'
/home/saasbook/.rvm/gems/ruby-1.9.3-p448/gems/actionpack-3.2.14/lib/action_controller/metal/streaming.rb:225:in `_render_template'
/home/saasbook/.rvm/gems/ruby-1.9.3-p448/gems/actionpack-3.2.14/lib/abstract_controller/rendering.rb:103:in `render_to_body'
/home/saasbook/.rvm/gems/ruby-1.9.3-p448/gems/actionpack-3.2.14/lib/action_controller/metal/renderers.rb:28:in `render_to_body'
/home/saasbook/.rvm/gems/ruby-1.9.3-p448/gems/actionpack-3.2.14/lib/action_controller/metal/compatibility.rb:50:in `render_to_body'
/home/saasbook/.rvm/gems/ruby-1.9.3-p448/gems/actionpack-3.2.14/lib/abstract_controller/rendering.rb:88:in `render'
/home/saasbook/.rvm/gems/ruby-1.9.3-p448/gems/actionpack-3.2.14/lib/action_controller/metal/rendering.rb:16:in `render'
/home/saasbook/.rvm/gems/ruby-1.9.3-p448/gems/actionpack-3.2.14/lib/action_controller/metal/instrumentation.rb:40:in `block (2 levels) in render'
/home/saasbook/.rvm/gems/ruby-1.9.3-p448/gems/activesupport-3.2.14/lib/active_support/core_ext/benchmark.rb:5:in `block in ms'
/home/saasbook/.rvm/rubies/ruby-1.9.3-p448/lib/ruby/1.9.1/benchmark.rb:295:in `realtime'
/home/saasbook/.rvm/gems/ruby-1.9.3-p448/gems/activesupport-3.2.14/lib/active_support/core_ext/benchmark.rb:5:in `ms'
/home/saasbook/.rvm/gems/ruby-1.9.3-p448/gems/actionpack-3.2.14/lib/action_controller/metal/instrumentation.rb:40:in `block in render'
/home/saasbook/.rvm/gems/ruby-1.9.3-p448/gems/actionpack-3.2.14/lib/action_controller/metal/instrumentation.rb:83:in `cleanup_view_runtime'
/home/saasbook/.rvm/gems/ruby-1.9.3-p448/gems/activerecord-3.2.14/lib/active_record/railties/controller_runtime.rb:24:in `cleanup_view_runtime'
/home/saasbook/.rvm/gems/ruby-1.9.3-p448/gems/actionpack-3.2.14/lib/action_controller/metal/instrumentation.rb:39:in `render'
/home/saasbook/.rvm/gems/ruby-1.9.3-p448/gems/actionpack-3.2.14/lib/action_controller/metal/implicit_render.rb:10:in `default_render'
/home/saasbook/.rvm/gems/ruby-1.9.3-p448/gems/actionpack-3.2.14/lib/action_controller/metal/implicit_render.rb:5:in `send_action'
/home/saasbook/.rvm/gems/ruby-1.9.3-p448/gems/actionpack-3.2.14/lib/abstract_controller/base.rb:167:in `process_action'
/home/saasbook/.rvm/gems/ruby-1.9.3-p448/gems/actionpack-3.2.14/lib/action_controller/metal/rendering.rb:10:in `process_action'
/home/saasbook/.rvm/gems/ruby-1.9.3-p448/gems/actionpack-3.2.14/lib/abstract_controller/callbacks.rb:18:in `block in process_action'
/home/saasbook/.rvm/gems/ruby-1.9.3-p448/gems/activesupport-3.2.14/lib/active_support/callbacks.rb:414:in `_run__549798995__process_action__1024081292__callbacks'
/home/saasbook/.rvm/gems/ruby-1.9.3-p448/gems/activesupport-3.2.14/lib/active_support/callbacks.rb:405:in `__run_callback'
/home/saasbook/.rvm/gems/ruby-1.9.3-p448/gems/activesupport-3.2.14/lib/active_support/callbacks.rb:385:in `_run_process_action_callbacks'
/home/saasbook/.rvm/gems/ruby-1.9.3-p448/gems/activesupport-3.2.14/lib/active_support/callbacks.rb:81:in `run_callbacks'
/home/saasbook/.rvm/gems/ruby-1.9.3-p448/gems/actionpack-3.2.14/lib/abstract_controller/callbacks.rb:17:in `process_action'
/home/saasbook/.rvm/gems/ruby-1.9.3-p448/gems/actionpack-3.2.14/lib/action_controller/metal/rescue.rb:29:in `process_action'
/home/saasbook/.rvm/gems/ruby-1.9.3-p448/gems/actionpack-3.2.14/lib/action_controller/metal/instrumentation.rb:30:in `block in process_action'
/home/saasbook/.rvm/gems/ruby-1.9.3-p448/gems/activesupport-3.2.14/lib/active_support/notifications.rb:123:in `block in instrument'
/home/saasbook/.rvm/gems/ruby-1.9.3-p448/gems/activesupport-3.2.14/lib/active_support/notifications/instrumenter.rb:20:in `instrument'
/home/saasbook/.rvm/gems/ruby-1.9.3-p448/gems/activesupport-3.2.14/lib/active_support/notifications.rb:123:in `instrument'
/home/saasbook/.rvm/gems/ruby-1.9.3-p448/gems/actionpack-3.2.14/lib/action_controller/metal/instrumentation.rb:29:in `process_action'
/home/saasbook/.rvm/gems/ruby-1.9.3-p448/gems/actionpack-3.2.14/lib/action_controller/metal/params_wrapper.rb:207:in `process_action'
/home/saasbook/.rvm/gems/ruby-1.9.3-p448/gems/activerecord-3.2.14/lib/active_record/railties/controller_runtime.rb:18:in `process_action'
/home/saasbook/.rvm/gems/ruby-1.9.3-p448/gems/actionpack-3.2.14/lib/abstract_controller/base.rb:121:in `process'
/home/saasbook/.rvm/gems/ruby-1.9.3-p448/gems/actionpack-3.2.14/lib/abstract_controller/rendering.rb:45:in `process'
/home/saasbook/.rvm/gems/ruby-1.9.3-p448/gems/actionpack-3.2.14/lib/action_controller/metal.rb:203:in `dispatch'
/home/saasbook/.rvm/gems/ruby-1.9.3-p448/gems/actionpack-3.2.14/lib/action_controller/metal/rack_delegation.rb:14:in `dispatch'
/home/saasbook/.rvm/gems/ruby-1.9.3-p448/gems/actionpack-3.2.14/lib/action_controller/metal.rb:246:in `block in action'
/home/saasbook/.rvm/gems/ruby-1.9.3-p448/gems/actionpack-3.2.14/lib/action_dispatch/routing/route_set.rb:73:in `call'
/home/saasbook/.rvm/gems/ruby-1.9.3-p448/gems/actionpack-3.2.14/lib/action_dispatch/routing/route_set.rb:73:in `dispatch'
/home/saasbook/.rvm/gems/ruby-1.9.3-p448/gems/actionpack-3.2.14/lib/action_dispatch/routing/route_set.rb:36:in `call'
/home/saasbook/.rvm/gems/ruby-1.9.3-p448/gems/journey-1.0.4/lib/journey/router.rb:68:in `block in call'
/home/saasbook/.rvm/gems/ruby-1.9.3-p448/gems/journey-1.0.4/lib/journey/router.rb:56:in `each'
/home/saasbook/.rvm/gems/ruby-1.9.3-p448/gems/journey-1.0.4/lib/journey/router.rb:56:in `call'
/home/saasbook/.rvm/gems/ruby-1.9.3-p448/gems/actionpack-3.2.14/lib/action_dispatch/routing/route_set.rb:608:in `call'
/home/saasbook/.rvm/gems/ruby-1.9.3-p448/gems/actionpack-3.2.14/lib/action_dispatch/middleware/best_standards_support.rb:17:in `call'
/home/saasbook/.rvm/gems/ruby-1.9.3-p448/gems/rack-1.4.5/lib/rack/etag.rb:23:in `call'
/home/saasbook/.rvm/gems/ruby-1.9.3-p448/gems/rack-1.4.5/lib/rack/conditionalget.rb:25:in `call'
/home/saasbook/.rvm/gems/ruby-1.9.3-p448/gems/actionpack-3.2.14/lib/action_dispatch/middleware/head.rb:14:in `call'
/home/saasbook/.rvm/gems/ruby-1.9.3-p448/gems/actionpack-3.2.14/lib/action_dispatch/middleware/params_parser.rb:21:in `call'
/home/saasbook/.rvm/gems/ruby-1.9.3-p448/gems/actionpack-3.2.14/lib/action_dispatch/middleware/flash.rb:242:in `call'
/home/saasbook/.rvm/gems/ruby-1.9.3-p448/gems/rack-1.4.5/lib/rack/session/abstract/id.rb:210:in `context'
/home/saasbook/.rvm/gems/ruby-1.9.3-p448/gems/rack-1.4.5/lib/rack/session/abstract/id.rb:205:in `call'
/home/saasbook/.rvm/gems/ruby-1.9.3-p448/gems/actionpack-3.2.14/lib/action_dispatch/middleware/cookies.rb:341:in `call'
/home/saasbook/.rvm/gems/ruby-1.9.3-p448/gems/activerecord-3.2.14/lib/active_record/query_cache.rb:64:in `call'
/home/saasbook/.rvm/gems/ruby-1.9.3-p448/gems/activerecord-3.2.14/lib/active_record/connection_adapters/abstract/connection_pool.rb:479:in `call'
/home/saasbook/.rvm/gems/ruby-1.9.3-p448/gems/actionpack-3.2.14/lib/action_dispatch/middleware/callbacks.rb:28:in `block in call'
/home/saasbook/.rvm/gems/ruby-1.9.3-p448/gems/activesupport-3.2.14/lib/active_support/callbacks.rb:405:in `_run__730256418__call__60708465__callbacks'
/home/saasbook/.rvm/gems/ruby-1.9.3-p448/gems/activesupport-3.2.14/lib/active_support/callbacks.rb:405:in `__run_callback'
/home/saasbook/.rvm/gems/ruby-1.9.3-p448/gems/activesupport-3.2.14/lib/active_support/callbacks.rb:385:in `_run_call_callbacks'
/home/saasbook/.rvm/gems/ruby-1.9.3-p448/gems/activesupport-3.2.14/lib/active_support/callbacks.rb:81:in `run_callbacks'
/home/saasbook/.rvm/gems/ruby-1.9.3-p448/gems/actionpack-3.2.14/lib/action_dispatch/middleware/callbacks.rb:27:in `call'
/home/saasbook/.rvm/gems/ruby-1.9.3-p448/gems/actionpack-3.2.14/lib/action_dispatch/middleware/reloader.rb:65:in `call'
/home/saasbook/.rvm/gems/ruby-1.9.3-p448/gems/actionpack-3.2.14/lib/action_dispatch/middleware/remote_ip.rb:31:in `call'
/home/saasbook/.rvm/gems/ruby-1.9.3-p448/gems/actionpack-3.2.14/lib/action_dispatch/middleware/debug_exceptions.rb:16:in `call'
/home/saasbook/.rvm/gems/ruby-1.9.3-p448/gems/actionpack-3.2.14/lib/action_dispatch/middleware/show_exceptions.rb:56:in `call'
/home/saasbook/.rvm/gems/ruby-1.9.3-p448/gems/railties-3.2.14/lib/rails/rack/logger.rb:32:in `call_app'
/home/saasbook/.rvm/gems/ruby-1.9.3-p448/gems/railties-3.2.14/lib/rails/rack/logger.rb:16:in `block in call'
/home/saasbook/.rvm/gems/ruby-1.9.3-p448/gems/activesupport-3.2.14/lib/active_support/tagged_logging.rb:22:in `tagged'
/home/saasbook/.rvm/gems/ruby-1.9.3-p448/gems/railties-3.2.14/lib/rails/rack/logger.rb:16:in `call'
/home/saasbook/.rvm/gems/ruby-1.9.3-p448/gems/actionpack-3.2.14/lib/action_dispatch/middleware/request_id.rb:22:in `call'
/home/saasbook/.rvm/gems/ruby-1.9.3-p448/gems/rack-1.4.5/lib/rack/methodoverride.rb:21:in `call'
/home/saasbook/.rvm/gems/ruby-1.9.3-p448/gems/rack-1.4.5/lib/rack/runtime.rb:17:in `call'
/home/saasbook/.rvm/gems/ruby-1.9.3-p448/gems/activesupport-3.2.14/lib/active_support/cache/strategy/local_cache.rb:72:in `call'
/home/saasbook/.rvm/gems/ruby-1.9.3-p448/gems/rack-1.4.5/lib/rack/lock.rb:15:in `call'
/home/saasbook/.rvm/gems/ruby-1.9.3-p448/gems/actionpack-3.2.14/lib/action_dispatch/middleware/static.rb:63:in `call'
/home/saasbook/.rvm/gems/ruby-1.9.3-p448/gems/railties-3.2.14/lib/rails/engine.rb:484:in `call'
/home/saasbook/.rvm/gems/ruby-1.9.3-p448/gems/railties-3.2.14/lib/rails/application.rb:231:in `call'
/home/saasbook/.rvm/gems/ruby-1.9.3-p448/gems/rack-1.4.5/lib/rack/content_length.rb:14:in `call'
/home/saasbook/.rvm/gems/ruby-1.9.3-p448/gems/railties-3.2.14/lib/rails/rack/log_tailer.rb:17:in `call'
/home/saasbook/.rvm/gems/ruby-1.9.3-p448/gems/rack-1.4.5/lib/rack/handler/webrick.rb:59:in `service'
/home/saasbook/.rvm/rubies/ruby-1.9.3-p448/lib/ruby/1.9.1/webrick/httpserver.rb:138:in `service'
/home/saasbook/.rvm/rubies/ruby-1.9.3-p448/lib/ruby/1.9.1/webrick/httpserver.rb:94:in `run'
/home/saasbook/.rvm/rubies/ruby-1.9.3-p448/lib/ruby/1.9.1/webrick/server.rb:191:in `block in start_thread'
  Rendered movies/index.html.haml within layouts/application (1.5ms)
Completed 500 Internal Server Error in 4ms

ActionView::Template::Error (/home/saasbook/hw2_rottenpotatoes/app/views/movies/index.html.haml:14: syntax error, unexpected '\n', expecting '='
/home/saasbook/hw2_rottenpotatoes/app/views/movies/index.html.haml:16: unknown regexp options - td
/home/saasbook/hw2_rottenpotatoes/app/views/movies/index.html.haml:16: syntax error, unexpected $undefined
));}</td>\n      <td>#{_hamlout.adjust_...
          ^
/home/saasbook/hw2_rottenpotatoes/app/views/movies/index.html.haml:17: syntax error, unexpected ')'
));}</td>\n      <td>#{_hamlou...
 ^
/home/saasbook/hw2_rottenpotatoes/app/views/movies/index.html.haml:18: unknown regexp options - td
/home/saasbook/hw2_rottenpotatoes/app/views/movies/index.html.haml:18: syntax error, unexpected $undefined
));}</td>\n    </tr>\n", -1, false);end...
          ^
/home/saasbook/hw2_rottenpotatoes/app/views/movies/index.html.haml:18: unknown regexp options - tbdy
unmatched close parenthesis: /tr>\n", -1, false);end;_hamlout.push_text("  </
/home/saasbook/hw2_rottenpotatoes/app/views/movies/index.html.haml:18: syntax error, unexpected $undefined
..._hamlout.push_text("  </tbody>\n</table>\n#{_hamlout.adjust_...
...                               ^
/home/saasbook/hw2_rottenpotatoes/app/views/movies/index.html.haml:18: unterminated regexp meets end of file
/home/saasbook/hw2_rottenpotatoes/app/views/movies/index.html.haml:18: syntax error, unexpected $end, expecting ')'):
    11:   %tbody
    12:     - @movies.each do |movie|
    13:       %tr
    14:         %td= movie,title 
    15:         %td= movie.rating
    16:         %td= movie.release_date
    17:         %td= link_to "More about #{movie.title}", movie_path(movie)
  actionpack (3.2.14) lib/action_view/template.rb:297:in `module_eval'
  actionpack (3.2.14) lib/action_view/template.rb:297:in `compile'
  actionpack (3.2.14) lib/action_view/template.rb:244:in `block in compile!'
  <internal:prelude>:10:in `synchronize'
  actionpack (3.2.14) lib/action_view/template.rb:232:in `compile!'
  actionpack (3.2.14) lib/action_view/template.rb:144:in `block in render'
  activesupport (3.2.14) lib/active_support/notifications.rb:125:in `instrument'
  actionpack (3.2.14) lib/action_view/template.rb:143:in `render'
  actionpack (3.2.14) lib/action_view/renderer/template_renderer.rb:48:in `block (2 levels) in render_template'
  actionpack (3.2.14) lib/action_view/renderer/abstract_renderer.rb:38:in `block in instrument'
  activesupport (3.2.14) lib/active_support/notifications.rb:123:in `block in instrument'
  activesupport (3.2.14) lib/active_support/notifications/instrumenter.rb:20:in `instrument'
  activesupport (3.2.14) lib/active_support/notifications.rb:123:in `instrument'
  actionpack (3.2.14) lib/action_view/renderer/abstract_renderer.rb:38:in `instrument'
  actionpack (3.2.14) lib/action_view/renderer/template_renderer.rb:47:in `block in render_template'
  actionpack (3.2.14) lib/action_view/renderer/template_renderer.rb:55:in `render_with_layout'
  actionpack (3.2.14) lib/action_view/renderer/template_renderer.rb:46:in `render_template'
  actionpack (3.2.14) lib/action_view/renderer/template_renderer.rb:19:in `render'
  actionpack (3.2.14) lib/action_view/renderer/renderer.rb:36:in `render_template'
  actionpack (3.2.14) lib/action_view/renderer/renderer.rb:17:in `render'
  actionpack (3.2.14) lib/abstract_controller/rendering.rb:110:in `_render_template'
  actionpack (3.2.14) lib/action_controller/metal/streaming.rb:225:in `_render_template'
  actionpack (3.2.14) lib/abstract_controller/rendering.rb:103:in `render_to_body'
  actionpack (3.2.14) lib/action_controller/metal/renderers.rb:28:in `render_to_body'
  actionpack (3.2.14) lib/action_controller/metal/compatibility.rb:50:in `render_to_body'
  actionpack (3.2.14) lib/abstract_controller/rendering.rb:88:in `render'
  actionpack (3.2.14) lib/action_controller/metal/rendering.rb:16:in `render'
  actionpack (3.2.14) lib/action_controller/metal/instrumentation.rb:40:in `block (2 levels) in render'
  activesupport (3.2.14) lib/active_support/core_ext/benchmark.rb:5:in `block in ms'
  /home/saasbook/.rvm/rubies/ruby-1.9.3-p448/lib/ruby/1.9.1/benchmark.rb:295:in `realtime'
  activesupport (3.2.14) lib/active_support/core_ext/benchmark.rb:5:in `ms'
  actionpack (3.2.14) lib/action_controller/metal/instrumentation.rb:40:in `block in render'
  actionpack (3.2.14) lib/action_controller/metal/instrumentation.rb:83:in `cleanup_view_runtime'
  activerecord (3.2.14) lib/active_record/railties/controller_runtime.rb:24:in `cleanup_view_runtime'
  actionpack (3.2.14) lib/action_controller/metal/instrumentation.rb:39:in `render'
  actionpack (3.2.14) lib/action_controller/metal/implicit_render.rb:10:in `default_render'
  actionpack (3.2.14) lib/action_controller/metal/implicit_render.rb:5:in `send_action'
  actionpack (3.2.14) lib/abstract_controller/base.rb:167:in `process_action'
  actionpack (3.2.14) lib/action_controller/metal/rendering.rb:10:in `process_action'
  actionpack (3.2.14) lib/abstract_controller/callbacks.rb:18:in `block in process_action'
  activesupport (3.2.14) lib/active_support/callbacks.rb:414:in `_run__549798995__process_action__1024081292__callbacks'
  activesupport (3.2.14) lib/active_support/callbacks.rb:405:in `__run_callback'
  activesupport (3.2.14) lib/active_support/callbacks.rb:385:in `_run_process_action_callbacks'
  activesupport (3.2.14) lib/active_support/callbacks.rb:81:in `run_callbacks'
  actionpack (3.2.14) lib/abstract_controller/callbacks.rb:17:in `process_action'
  actionpack (3.2.14) lib/action_controller/metal/rescue.rb:29:in `process_action'
  actionpack (3.2.14) lib/action_controller/metal/instrumentation.rb:30:in `block in process_action'
  activesupport (3.2.14) lib/active_support/notifications.rb:123:in `block in instrument'
  activesupport (3.2.14) lib/active_support/notifications/instrumenter.rb:20:in `instrument'
  activesupport (3.2.14) lib/active_support/notifications.rb:123:in `instrument'
  actionpack (3.2.14) lib/action_controller/metal/instrumentation.rb:29:in `process_action'
  actionpack (3.2.14) lib/action_controller/metal/params_wrapper.rb:207:in `process_action'
  activerecord (3.2.14) lib/active_record/railties/controller_runtime.rb:18:in `process_action'
  actionpack (3.2.14) lib/abstract_controller/base.rb:121:in `process'
  actionpack (3.2.14) lib/abstract_controller/rendering.rb:45:in `process'
  actionpack (3.2.14) lib/action_controller/metal.rb:203:in `dispatch'
  actionpack (3.2.14) lib/action_controller/metal/rack_delegation.rb:14:in `dispatch'
  actionpack (3.2.14) lib/action_controller/metal.rb:246:in `block in action'
  actionpack (3.2.14) lib/action_dispatch/routing/route_set.rb:73:in `call'
  actionpack (3.2.14) lib/action_dispatch/routing/route_set.rb:73:in `dispatch'
  actionpack (3.2.14) lib/action_dispatch/routing/route_set.rb:36:in `call'
  journey (1.0.4) lib/journey/router.rb:68:in `block in call'
  journey (1.0.4) lib/journey/router.rb:56:in `each'
  journey (1.0.4) lib/journey/router.rb:56:in `call'
  actionpack (3.2.14) lib/action_dispatch/routing/route_set.rb:608:in `call'
  actionpack (3.2.14) lib/action_dispatch/middleware/best_standards_support.rb:17:in `call'
  rack (1.4.5) lib/rack/etag.rb:23:in `call'
  rack (1.4.5) lib/rack/conditionalget.rb:25:in `call'
  actionpack (3.2.14) lib/action_dispatch/middleware/head.rb:14:in `call'
  actionpack (3.2.14) lib/action_dispatch/middleware/params_parser.rb:21:in `call'
  actionpack (3.2.14) lib/action_dispatch/middleware/flash.rb:242:in `call'
  rack (1.4.5) lib/rack/session/abstract/id.rb:210:in `context'
  rack (1.4.5) lib/rack/session/abstract/id.rb:205:in `call'
  actionpack (3.2.14) lib/action_dispatch/middleware/cookies.rb:341:in `call'
  activerecord (3.2.14) lib/active_record/query_cache.rb:64:in `call'
  activerecord (3.2.14) lib/active_record/connection_adapters/abstract/connection_pool.rb:479:in `call'
  actionpack (3.2.14) lib/action_dispatch/middleware/callbacks.rb:28:in `block in call'
  activesupport (3.2.14) lib/active_support/callbacks.rb:405:in `_run__730256418__call__60708465__callbacks'
  activesupport (3.2.14) lib/active_support/callbacks.rb:405:in `__run_callback'
  activesupport (3.2.14) lib/active_support/callbacks.rb:385:in `_run_call_callbacks'
  activesupport (3.2.14) lib/active_support/callbacks.rb:81:in `run_callbacks'
  actionpack (3.2.14) lib/action_dispatch/middleware/callbacks.rb:27:in `call'
  actionpack (3.2.14) lib/action_dispatch/middleware/reloader.rb:65:in `call'
  actionpack (3.2.14) lib/action_dispatch/middleware/remote_ip.rb:31:in `call'
  actionpack (3.2.14) lib/action_dispatch/middleware/debug_exceptions.rb:16:in `call'
  actionpack (3.2.14) lib/action_dispatch/middleware/show_exceptions.rb:56:in `call'
  railties (3.2.14) lib/rails/rack/logger.rb:32:in `call_app'
  railties (3.2.14) lib/rails/rack/logger.rb:16:in `block in call'
  activesupport (3.2.14) lib/active_support/tagged_logging.rb:22:in `tagged'
  railties (3.2.14) lib/rails/rack/logger.rb:16:in `call'
  actionpack (3.2.14) lib/action_dispatch/middleware/request_id.rb:22:in `call'
  rack (1.4.5) lib/rack/methodoverride.rb:21:in `call'
  rack (1.4.5) lib/rack/runtime.rb:17:in `call'
  activesupport (3.2.14) lib/active_support/cache/strategy/local_cache.rb:72:in `call'
  rack (1.4.5) lib/rack/lock.rb:15:in `call'
  actionpack (3.2.14) lib/action_dispatch/middleware/static.rb:63:in `call'
  railties (3.2.14) lib/rails/engine.rb:484:in `call'
  railties (3.2.14) lib/rails/application.rb:231:in `call'
  rack (1.4.5) lib/rack/content_length.rb:14:in `call'
  railties (3.2.14) lib/rails/rack/log_tailer.rb:17:in `call'
  rack (1.4.5) lib/rack/handler/webrick.rb:59:in `service'
  /home/saasbook/.rvm/rubies/ruby-1.9.3-p448/lib/ruby/1.9.1/webrick/httpserver.rb:138:in `service'
  /home/saasbook/.rvm/rubies/ruby-1.9.3-p448/lib/ruby/1.9.1/webrick/httpserver.rb:94:in `run'
  /home/saasbook/.rvm/rubies/ruby-1.9.3-p448/lib/ruby/1.9.1/webrick/server.rb:191:in `block in start_thread'


  Rendered /home/saasbook/.rvm/gems/ruby-1.9.3-p448/gems/actionpack-3.2.14/lib/action_dispatch/middleware/templates/rescues/_trace.erb (0.8ms)
  Rendered /home/saasbook/.rvm/gems/ruby-1.9.3-p448/gems/actionpack-3.2.14/lib/action_dispatch/middleware/templates/rescues/_request_and_response.erb (0.5ms)
  Rendered /home/saasbook/.rvm/gems/ruby-1.9.3-p448/gems/actionpack-3.2.14/lib/action_dispatch/middleware/templates/rescues/template_error.erb within rescues/layout (5.5ms)
